#
# A fatal error has been detected by the Java Runtime Environment:
#
#  EXCEPTION_ACCESS_VIOLATION (0xc0000005) at pc=0x00000000632fa940, pid=3392, tid=0x00000000000012c8
#
# JRE version: OpenJDK Runtime Environment (8.0_152-b06) (build 1.8.0_152-release-1136-b06)
# Java VM: OpenJDK 64-Bit Server VM (25.152-b06 mixed mode windows-amd64 compressed oops)
# Problematic frame:
# V  [jvm.dll+0x8a940]
#
# Failed to write core dump. Minidumps are not enabled by default on client versions of Windows
#
# If you would like to submit a bug report, please visit:
#   http://bugreport.java.com/bugreport/crash.jsp
#

---------------  T H R E A D  ---------------

Current thread (0x0000000003077000):  GCTaskThread [stack: 0x0000000012940000,0x0000000012a40000] [id=4808]

siginfo: ExceptionCode=0xc0000005, reading address 0x0000000000000008

Registers:
RAX=0x0000000000000000, RBX=0x00000000eafd2ab0, RCX=0x00000000eafd2ab0, RDX=0x0000000000000000
RSP=0x0000000012a3fac8, RBP=0x0000000000000000, RSI=0x00000000158a3000, RDI=0x000000001dec4440
R8 =0x00000000158a3000, R9 =0x000000006c327a75, R10=0x0000000000000001, R11=0x0000000012a3fb30
R12=0x00000000638862c8, R13=0x0000000000000000, R14=0x0000000003077700, R15=0x0000000003077750
RIP=0x00000000632fa940, EFLAGS=0x0000000000010246

Top of Stack: (sp=0x0000000012a3fac8)
0x0000000012a3fac8:   000000006363ca32 00000fdf0000133d
0x0000000012a3fad8:   000000006345facd 0000117700000200
0x0000000012a3fae8:   00000fdf0000133d 0000000003077740
0x0000000012a3faf8:   00000fde0000133d 0000117700000201
0x0000000012a3fb08:   0000000063465fd2 0000000003077740
0x0000000012a3fb18:   0000000003072010 00000000638862c8
0x0000000012a3fb28:   000000006363cda0 00000000ede0d1d8
0x0000000012a3fb38:   0000000000000000 0000000000000000
0x0000000012a3fb48:   000000001dec4440 00000000158a3000
0x0000000012a3fb58:   00000000636400b1 0000117700000201
0x0000000012a3fb68:   00000000158a3000 0000000000000000
0x0000000012a3fb78:   00000000edd41ddd 000000001dec4440
0x0000000012a3fb88:   0000000000000000 0000000000000000
0x0000000012a3fb98:   000000006362ec9e 000000006c327a75
0x0000000012a3fba8:   0000000003077000 0000000000000000
0x0000000012a3fbb8:   00000000ede0d1d9 0000000003077000 

Instructions: (pc=0x00000000632fa940)
0x00000000632fa920:   ac 50 1d 00 48 8b 9c 24 c0 00 00 00 48 81 c4 b0
0x00000000632fa930:   00 00 00 5d c3 cc cc cc cc cc cc cc cc cc cc cc
0x00000000632fa940:   44 8b 42 08 4c 8b ca 45 85 c0 7e 0e 41 f6 c0 01
0x00000000632fa950:   75 57 41 c1 f8 03 41 8b c0 c3 79 4d 80 3d 9e 10 


Register to memory mapping:

RAX=0x0000000000000000 is an unknown value
RBX=0x00000000eafd2ab0 is an unknown value
RCX=0x00000000eafd2ab0 is an unknown value
RDX=0x0000000000000000 is an unknown value
RSP=0x0000000012a3fac8 is an unknown value
RBP=0x0000000000000000 is an unknown value
RSI=0x00000000158a3000 is an unknown value
RDI=0x000000001dec4440 is an unknown value
R8 =0x00000000158a3000 is an unknown value
R9 =0x000000006c327a75 is an unknown value
R10=0x0000000000000001 is an unknown value
R11=0x0000000012a3fb30 is an unknown value
R12=0x00000000638862c8 is an unknown value
R13=0x0000000000000000 is an unknown value
R14=0x0000000003077700 is an unknown value
R15=0x0000000003077750 is an unknown value


Stack: [0x0000000012940000,0x0000000012a40000],  sp=0x0000000012a3fac8,  free space=1022k
Native frames: (J=compiled Java code, j=interpreted, Vv=VM code, C=native code)


---------------  P R O C E S S  ---------------

Java Threads: ( => current thread )
  0x0000000017e03800 JavaThread "Cache worker for Artifact transforms cache (C:\Users\HienVu\.gradle\caches\transforms-1)" [_thread_blocked, id=820, stack(0x000000001d990000,0x000000001da90000)]
  0x0000000018ae3000 JavaThread "Cache worker for file hash cache (C:\Users\HienVu\Desktop\work-space\react-native\toturials02\android\.gradle\4.6\fileHashes)" [_thread_blocked, id=9020, stack(0x000000001b460000,0x000000001b560000)]
  0x0000000018d59000 JavaThread "File lock request listener" [_thread_in_native, id=2016, stack(0x000000001a390000,0x000000001a490000)]
  0x0000000018afb000 JavaThread "Cache worker for file hash cache (C:\Users\HienVu\.gradle\caches\4.6\fileHashes)" [_thread_blocked, id=10216, stack(0x000000001a290000,0x000000001a390000)]
  0x00000000188ec000 JavaThread "Stdin handler" [_thread_blocked, id=7940, stack(0x0000000019f90000,0x000000001a090000)]
  0x00000000188d4800 JavaThread "Asynchronous log dispatcher for DefaultDaemonConnection: socket connection from /127.0.0.1:52257 to /127.0.0.1:52258" [_thread_blocked, id=7516, stack(0x0000000019e90000,0x0000000019f90000)]
  0x00000000188eb000 JavaThread "Daemon worker" [_thread_blocked, id=1112, stack(0x0000000019d90000,0x0000000019e90000)]
  0x0000000018675800 JavaThread "Cancel handler" [_thread_blocked, id=9564, stack(0x0000000019c90000,0x0000000019d90000)]
  0x0000000018617800 JavaThread "Handler for socket connection from /127.0.0.1:52257 to /127.0.0.1:52258" [_thread_in_native, id=10672, stack(0x0000000019990000,0x0000000019a90000)]
  0x0000000018615800 JavaThread "Daemon" [_thread_blocked, id=4664, stack(0x0000000019890000,0x0000000019990000)]
  0x00000000185fe800 JavaThread "Daemon periodic checks" [_thread_blocked, id=9644, stack(0x0000000019790000,0x0000000019890000)]
  0x000000001889b000 JavaThread "Incoming local TCP Connector on port 52257" [_thread_in_native, id=6600, stack(0x0000000019550000,0x0000000019650000)]
  0x0000000017278800 JavaThread "Service Thread" daemon [_thread_blocked, id=4152, stack(0x0000000017640000,0x0000000017740000)]
  0x00000000158f4000 JavaThread "C1 CompilerThread2" daemon [_thread_blocked, id=5296, stack(0x0000000017140000,0x0000000017240000)]
  0x00000000158e1000 JavaThread "C2 CompilerThread1" daemon [_thread_blocked, id=6332, stack(0x0000000017040000,0x0000000017140000)]
  0x00000000158dd000 JavaThread "C2 CompilerThread0" daemon [_thread_blocked, id=3240, stack(0x0000000016f40000,0x0000000017040000)]
  0x00000000158db800 JavaThread "Attach Listener" daemon [_thread_blocked, id=1476, stack(0x0000000016e40000,0x0000000016f40000)]
  0x00000000158d8000 JavaThread "Signal Dispatcher" daemon [_thread_blocked, id=3048, stack(0x0000000016d40000,0x0000000016e40000)]
  0x000000000315c000 JavaThread "Finalizer" daemon [_thread_blocked, id=8380, stack(0x0000000016b40000,0x0000000016c40000)]
  0x0000000003151000 JavaThread "Reference Handler" daemon [_thread_blocked, id=9168, stack(0x0000000016a40000,0x0000000016b40000)]
  0x000000000320e000 JavaThread "main" [_thread_blocked, id=3108, stack(0x0000000002f50000,0x0000000003050000)]

Other Threads:
  0x00000000158a5800 VMThread [stack: 0x0000000016940000,0x0000000016a40000] [id=5628]
  0x0000000017279000 WatcherThread [stack: 0x0000000017740000,0x0000000017840000] [id=10860]

=>0x0000000003077000 (exited) GCTaskThread [stack: 0x0000000012940000,0x0000000012a40000] [id=4808]

VM state:at safepoint (normal execution)

VM Mutex/Monitor currently owned by a thread:  ([mutex/lock_event])
[0x000000000320d730] Threads_lock - owner thread: 0x00000000158a5800
[0x000000000320cfb0] Heap_lock - owner thread: 0x00000000188eb000

Heap:
 PSYoungGen      total 57344K, used 49152K [0x00000000eab00000, 0x00000000f1b00000, 0x0000000100000000)
  eden space 49152K, 100% used [0x00000000eab00000,0x00000000edb00000,0x00000000edb00000)
  from space 8192K, 0% used [0x00000000ee300000,0x00000000ee300000,0x00000000eeb00000)
  to   space 8192K, 38% used [0x00000000edb00000,0x00000000ede18000,0x00000000ee300000)
 ParOldGen       total 699392K, used 694265K [0x00000000c0000000, 0x00000000eab00000, 0x00000000eab00000)
  object space 699392K, 99% used [0x00000000c0000000,0x00000000ea5fe7b8,0x00000000eab00000)
 Metaspace       used 26905K, capacity 27360K, committed 27648K, reserved 1073152K
  class space    used 3632K, capacity 3789K, committed 3840K, reserved 1048576K

Card table byte_map: [0x00000000125d0000,0x00000000127e0000] byte_map_base: 0x0000000011fd0000

Marking Bits: (ParMarkBitMap*) 0x0000000063a35aa0
 Begin Bits: [0x0000000012d40000, 0x0000000013d40000)
 End Bits:   [0x0000000013d40000, 0x0000000014d40000)

Polling page: 0x0000000001330000

CodeCache: size=245760Kb used=8390Kb max_used=8399Kb free=237369Kb
 bounds [0x0000000003210000, 0x0000000003a50000, 0x0000000012210000]
 total_blobs=2790 nmethods=2152 adapters=551
 compilation: enabled

Compilation events (10 events):
Event: 6.567 Thread 0x00000000158f4000 2153       3       org.objectweb.asm.Type::getType (107 bytes)
Event: 6.568 Thread 0x00000000158f4000 nmethod 2153 0x0000000003a43a10 code [0x0000000003a43c40, 0x0000000003a44828]
Event: 6.568 Thread 0x00000000158f4000 2154       3       org.objectweb.asm.ByteVector::putByteArray (49 bytes)
Event: 6.568 Thread 0x00000000158f4000 nmethod 2154 0x0000000003a44c50 code [0x0000000003a44dc0, 0x0000000003a450f8]
Event: 6.569 Thread 0x00000000158e1000 nmethod 2152 0x0000000003a48310 code [0x0000000003a48460, 0x0000000003a48968]
Event: 6.589 Thread 0x00000000158f4000 2155       3       sun.reflect.generics.factory.CoreReflectionFactory::make (10 bytes)
Event: 6.589 Thread 0x00000000158f4000 nmethod 2155 0x0000000003a47c10 code [0x0000000003a47d80, 0x0000000003a47ff0]
Event: 6.589 Thread 0x00000000158f4000 2156       3       sun.reflect.generics.factory.CoreReflectionFactory::<init> (15 bytes)
Event: 6.589 Thread 0x00000000158f4000 nmethod 2156 0x0000000003a47850 code [0x0000000003a479a0, 0x0000000003a47b70]
Event: 6.597 Thread 0x00000000158f4000 2157       3       java.util.TreeMap::fixAfterInsertion (267 bytes)

GC Heap History (10 events):
Event: 1.399 GC heap after
Heap after GC invocations=1 (full 0):
 PSYoungGen      total 57344K, used 5266K [0x00000000eab00000, 0x00000000eeb00000, 0x0000000100000000)
  eden space 49152K, 0% used [0x00000000eab00000,0x00000000eab00000,0x00000000edb00000)
  from space 8192K, 64% used [0x00000000edb00000,0x00000000ee0249b8,0x00000000ee300000)
  to   space 8192K, 0% used [0x00000000ee300000,0x00000000ee300000,0x00000000eeb00000)
 ParOldGen       total 131072K, used 8K [0x00000000c0000000, 0x00000000c8000000, 0x00000000eab00000)
  object space 131072K, 0% used [0x00000000c0000000,0x00000000c0002000,0x00000000c8000000)
 Metaspace       used 6888K, capacity 7080K, committed 7424K, reserved 1056768K
  class space    used 857K, capacity 916K, committed 1024K, reserved 1048576K
}
Event: 3.398 GC heap before
{Heap before GC invocations=2 (full 0):
 PSYoungGen      total 57344K, used 54418K [0x00000000eab00000, 0x00000000eeb00000, 0x0000000100000000)
  eden space 49152K, 100% used [0x00000000eab00000,0x00000000edb00000,0x00000000edb00000)
  from space 8192K, 64% used [0x00000000edb00000,0x00000000ee0249b8,0x00000000ee300000)
  to   space 8192K, 0% used [0x00000000ee300000,0x00000000ee300000,0x00000000eeb00000)
 ParOldGen       total 131072K, used 8K [0x00000000c0000000, 0x00000000c8000000, 0x00000000eab00000)
  object space 131072K, 0% used [0x00000000c0000000,0x00000000c0002000,0x00000000c8000000)
 Metaspace       used 13981K, capacity 14352K, committed 14464K, reserved 1060864K
  class space    used 1954K, capacity 2090K, committed 2176K, reserved 1048576K
Event: 3.410 GC heap after
Heap after GC invocations=2 (full 0):
 PSYoungGen      total 57344K, used 8164K [0x00000000eab00000, 0x00000000eeb00000, 0x0000000100000000)
  eden space 49152K, 0% used [0x00000000eab00000,0x00000000eab00000,0x00000000edb00000)
  from space 8192K, 99% used [0x00000000ee300000,0x00000000eeaf91a8,0x00000000eeb00000)
  to   space 8192K, 0% used [0x00000000edb00000,0x00000000edb00000,0x00000000ee300000)
 ParOldGen       total 131072K, used 84K [0x00000000c0000000, 0x00000000c8000000, 0x00000000eab00000)
  object space 131072K, 0% used [0x00000000c0000000,0x00000000c0015330,0x00000000c8000000)
 Metaspace       used 13981K, capacity 14352K, committed 14464K, reserved 1060864K
  class space    used 1954K, capacity 2090K, committed 2176K, reserved 1048576K
}
Event: 5.380 GC heap before
{Heap before GC invocations=3 (full 0):
 PSYoungGen      total 57344K, used 57316K [0x00000000eab00000, 0x00000000eeb00000, 0x0000000100000000)
  eden space 49152K, 100% used [0x00000000eab00000,0x00000000edb00000,0x00000000edb00000)
  from space 8192K, 99% used [0x00000000ee300000,0x00000000eeaf91a8,0x00000000eeb00000)
  to   space 8192K, 0% used [0x00000000edb00000,0x00000000edb00000,0x00000000ee300000)
 ParOldGen       total 131072K, used 84K [0x00000000c0000000, 0x00000000c8000000, 0x00000000eab00000)
  object space 131072K, 0% used [0x00000000c0000000,0x00000000c0015330,0x00000000c8000000)
 Metaspace       used 18994K, capacity 19434K, committed 19584K, reserved 1067008K
  class space    used 2751K, capacity 2877K, committed 2944K, reserved 1048576K
Event: 5.390 GC heap after
Heap after GC invocations=3 (full 0):
 PSYoungGen      total 57344K, used 8189K [0x00000000eab00000, 0x00000000eeb00000, 0x0000000100000000)
  eden space 49152K, 0% used [0x00000000eab00000,0x00000000eab00000,0x00000000edb00000)
  from space 8192K, 99% used [0x00000000edb00000,0x00000000ee2ff420,0x00000000ee300000)
  to   space 8192K, 0% used [0x00000000ee300000,0x00000000ee300000,0x00000000eeb00000)
 ParOldGen       total 131072K, used 2266K [0x00000000c0000000, 0x00000000c8000000, 0x00000000eab00000)
  object space 131072K, 1% used [0x00000000c0000000,0x00000000c0236be8,0x00000000c8000000)
 Metaspace       used 18994K, capacity 19434K, committed 19584K, reserved 1067008K
  class space    used 2751K, capacity 2877K, committed 2944K, reserved 1048576K
}
Event: 5.616 GC heap before
{Heap before GC invocations=4 (full 0):
 PSYoungGen      total 57344K, used 20075K [0x00000000eab00000, 0x00000000eeb00000, 0x0000000100000000)
  eden space 49152K, 24% used [0x00000000eab00000,0x00000000eb69bb00,0x00000000edb00000)
  from space 8192K, 99% used [0x00000000edb00000,0x00000000ee2ff420,0x00000000ee300000)
  to   space 8192K, 0% used [0x00000000ee300000,0x00000000ee300000,0x00000000eeb00000)
 ParOldGen       total 131072K, used 2266K [0x00000000c0000000, 0x00000000c8000000, 0x00000000eab00000)
  object space 131072K, 1% used [0x00000000c0000000,0x00000000c0236be8,0x00000000c8000000)
 Metaspace       used 20805K, capacity 21200K, committed 21248K, reserved 1067008K
  class space    used 2899K, capacity 3038K, committed 3072K, reserved 1048576K
Event: 5.624 GC heap after
Heap after GC invocations=4 (full 0):
 PSYoungGen      total 57344K, used 7847K [0x00000000eab00000, 0x00000000f1b00000, 0x0000000100000000)
  eden space 49152K, 0% used [0x00000000eab00000,0x00000000eab00000,0x00000000edb00000)
  from space 8192K, 95% used [0x00000000ee300000,0x00000000eeaa9c10,0x00000000eeb00000)
  to   space 8192K, 0% used [0x00000000edb00000,0x00000000edb00000,0x00000000ee300000)
 ParOldGen       total 131072K, used 2274K [0x00000000c0000000, 0x00000000c8000000, 0x00000000eab00000)
  object space 131072K, 1% used [0x00000000c0000000,0x00000000c0238be8,0x00000000c8000000)
 Metaspace       used 20805K, capacity 21200K, committed 21248K, reserved 1067008K
  class space    used 2899K, capacity 3038K, committed 3072K, reserved 1048576K
}
Event: 5.624 GC heap before
{Heap before GC invocations=5 (full 1):
 PSYoungGen      total 57344K, used 7847K [0x00000000eab00000, 0x00000000f1b00000, 0x0000000100000000)
  eden space 49152K, 0% used [0x00000000eab00000,0x00000000eab00000,0x00000000edb00000)
  from space 8192K, 95% used [0x00000000ee300000,0x00000000eeaa9c10,0x00000000eeb00000)
  to   space 8192K, 0% used [0x00000000edb00000,0x00000000edb00000,0x00000000ee300000)
 ParOldGen       total 131072K, used 2274K [0x00000000c0000000, 0x00000000c8000000, 0x00000000eab00000)
  object space 131072K, 1% used [0x00000000c0000000,0x00000000c0238be8,0x00000000c8000000)
 Metaspace       used 20805K, capacity 21200K, committed 21248K, reserved 1067008K
  class space    used 2899K, capacity 3038K, committed 3072K, reserved 1048576K
Event: 5.667 GC heap after
Heap after GC invocations=5 (full 1):
 PSYoungGen      total 57344K, used 0K [0x00000000eab00000, 0x00000000f1b00000, 0x0000000100000000)
  eden space 49152K, 0% used [0x00000000eab00000,0x00000000eab00000,0x00000000edb00000)
  from space 8192K, 0% used [0x00000000ee300000,0x00000000ee300000,0x00000000eeb00000)
  to   space 8192K, 0% used [0x00000000edb00000,0x00000000edb00000,0x00000000ee300000)
 ParOldGen       total 79360K, used 7661K [0x00000000c0000000, 0x00000000c4d80000, 0x00000000eab00000)
  object space 79360K, 9% used [0x00000000c0000000,0x00000000c077b738,0x00000000c4d80000)
 Metaspace       used 20805K, capacity 21200K, committed 21248K, reserved 1067008K
  class space    used 2899K, capacity 3038K, committed 3072K, reserved 1048576K
}
Event: 6.599 GC heap before
{Heap before GC invocations=6 (full 1):
 PSYoungGen      total 57344K, used 49152K [0x00000000eab00000, 0x00000000f1b00000, 0x0000000100000000)
  eden space 49152K, 100% used [0x00000000eab00000,0x00000000edb00000,0x00000000edb00000)
  from space 8192K, 0% used [0x00000000ee300000,0x00000000ee300000,0x00000000eeb00000)
  to   space 8192K, 0% used [0x00000000edb00000,0x00000000edb00000,0x00000000ee300000)
 ParOldGen       total 79360K, used 7661K [0x00000000c0000000, 0x00000000c4d80000, 0x00000000eab00000)
  object space 79360K, 9% used [0x00000000c0000000,0x00000000c077b738,0x00000000c4d80000)
 Metaspace       used 26905K, capacity 27360K, committed 27648K, reserved 1073152K
  class space    used 3632K, capacity 3789K, committed 3840K, reserved 1048576K

Deoptimization events (10 events):
Event: 5.549 Thread 0x00000000188eb000 Uncommon trap: reason=unstable_if action=reinterpret pc=0x00000000034af6b0 method=java.util.LinkedHashMap.afterNodeInsertion(Z)V @ 1
Event: 5.812 Thread 0x00000000188eb000 Uncommon trap: reason=class_check action=maybe_recompile pc=0x00000000033cc2a0 method=java.lang.String.equals(Ljava/lang/Object;)Z @ 8
Event: 5.812 Thread 0x00000000188eb000 Uncommon trap: reason=class_check action=maybe_recompile pc=0x00000000033cc2a0 method=java.lang.String.equals(Ljava/lang/Object;)Z @ 8
Event: 5.812 Thread 0x00000000188eb000 Uncommon trap: reason=class_check action=maybe_recompile pc=0x00000000033cc2a0 method=java.lang.String.equals(Ljava/lang/Object;)Z @ 8
Event: 5.812 Thread 0x00000000188eb000 Uncommon trap: reason=class_check action=maybe_recompile pc=0x00000000033cc2a0 method=java.lang.String.equals(Ljava/lang/Object;)Z @ 8
Event: 5.876 Thread 0x00000000188eb000 Uncommon trap: reason=class_check action=maybe_recompile pc=0x00000000033e287c method=sun.misc.URLClassPath.getLoader(I)Lsun/misc/URLClassPath$Loader; @ 94
Event: 5.876 Thread 0x00000000188eb000 Uncommon trap: reason=class_check action=maybe_recompile pc=0x000000000351962c method=sun.misc.URLClassPath.getResource(Ljava/lang/String;Z)Lsun/misc/Resource; @ 62
Event: 6.365 Thread 0x00000000188eb000 Uncommon trap: reason=unstable_if action=reinterpret pc=0x0000000003619e20 method=java.util.HashMap.hash(Ljava/lang/Object;)I @ 1
Event: 6.375 Thread 0x00000000188eb000 Uncommon trap: reason=unstable_if action=reinterpret pc=0x00000000035344e8 method=java.util.HashMap.hash(Ljava/lang/Object;)I @ 1
Event: 6.455 Thread 0x00000000188eb000 Uncommon trap: reason=unstable_if action=reinterpret pc=0x00000000034893b8 method=java.io.WinNTFileSystem.resolve(Ljava/lang/String;Ljava/lang/String;)Ljava/lang/String; @ 49

Classes redefined (0 events):
No events

Internal exceptions (10 events):
Event: 6.239 Thread 0x00000000188eb000 Exception <a 'java/lang/ClassNotFoundException': groovy/lang/Closure$1BeanInfo> (0x00000000ec198300) thrown at [D:\src\AOSP-openjdk-cygwin\jdk8u\hotspot\src\share\vm\classfile\systemDictionary.cpp, line 210]
Event: 6.240 Thread 0x00000000188eb000 Exception <a 'java/lang/ClassNotFoundException': groovy/lang/ClosureBeanInfo> (0x00000000ec1b2048) thrown at [D:\src\AOSP-openjdk-cygwin\jdk8u\hotspot\src\share\vm\classfile\systemDictionary.cpp, line 210]
Event: 6.241 Thread 0x00000000188eb000 Exception <a 'java/lang/ClassNotFoundException': groovy/lang/ClosureCustomizer> (0x00000000ec1cc778) thrown at [D:\src\AOSP-openjdk-cygwin\jdk8u\hotspot\src\share\vm\classfile\systemDictionary.cpp, line 210]
Event: 6.245 Thread 0x00000000188eb000 Exception <a 'java/lang/ClassNotFoundException': groovy/lang/Closure$1Customizer> (0x00000000ec20c0a0) thrown at [D:\src\AOSP-openjdk-cygwin\jdk8u\hotspot\src\share\vm\classfile\systemDictionary.cpp, line 210]
Event: 6.322 Thread 0x00000000188eb000 Exception <a 'java/lang/ClassNotFoundException': org/gradle/internal/metaobject/ConfigureDelegateBeanInfo> (0x00000000ec674950) thrown at [D:\src\AOSP-openjdk-cygwin\jdk8u\hotspot\src\share\vm\classfile\systemDictionary.cpp, line 210]
Event: 6.323 Thread 0x00000000188eb000 Exception <a 'java/lang/ClassNotFoundException': org/gradle/internal/metaobject/ConfigureDelegateCustomizer> (0x00000000ec69b520) thrown at [D:\src\AOSP-openjdk-cygwin\jdk8u\hotspot\src\share\vm\classfile\systemDictionary.cpp, line 210]
Event: 6.328 Thread 0x00000000188eb000 Exception <a 'java/lang/ClassNotFoundException': org/gradle/api/internal/initialization/DefaultScriptHandlerBeanInfo> (0x00000000ec7191e8) thrown at [D:\src\AOSP-openjdk-cygwin\jdk8u\hotspot\src\share\vm\classfile\systemDictionary.cpp, line 210]
Event: 6.328 Thread 0x00000000188eb000 Exception <a 'java/lang/ClassNotFoundException': org/gradle/api/internal/initialization/DefaultScriptHandlerCustomizer> (0x00000000ec747570) thrown at [D:\src\AOSP-openjdk-cygwin\jdk8u\hotspot\src\share\vm\classfile\systemDictionary.cpp, line 210]
Event: 6.365 Thread 0x00000000188eb000 Implicit null exception at 0x0000000003619c15 to 0x0000000003619e11
Event: 6.375 Thread 0x00000000188eb000 Implicit null exception at 0x000000000353446f to 0x00000000035344d9

Events (10 events):
Event: 6.595 loading class org/gradle/api/artifacts/Configuration$State done
Event: 6.595 loading class org/gradle/api/internal/artifacts/configurations/ResolutionStrategyInternal
Event: 6.595 loading class org/gradle/api/internal/artifacts/configurations/ResolutionStrategyInternal done
Event: 6.596 loading class org/gradle/api/internal/file/FileSystemSubset$Builder
Event: 6.596 loading class org/gradle/api/internal/file/FileSystemSubset$Builder done
Event: 6.596 loading class org/gradle/api/internal/artifacts/configurations/OutgoingVariant
Event: 6.596 loading class org/gradle/api/internal/artifacts/configurations/OutgoingVariant done
Event: 6.598 loading class org/gradle/api/file/FileCollection$AntType
Event: 6.598 loading class org/gradle/api/file/FileCollection$AntType done
Event: 6.599 Executing VM operation: ParallelGCFailedAllocation


Dynamic libraries:
0x00007ff7abff0000 - 0x00007ff7ac021000 	C:\Program Files\Android\Android Studio\jre\bin\java.exe
0x00007ffed0f40000 - 0x00007ffed112d000 	C:\Windows\SYSTEM32\ntdll.dll
0x00007ffece990000 - 0x00007ffecea43000 	C:\Windows\System32\KERNEL32.DLL
0x00007ffecdbd0000 - 0x00007ffecde63000 	C:\Windows\System32\KERNELBASE.dll
0x00007ffece350000 - 0x00007ffece3f3000 	C:\Windows\System32\ADVAPI32.dll
0x00007ffed09a0000 - 0x00007ffed0a3e000 	C:\Windows\System32\msvcrt.dll
0x00007ffece530000 - 0x00007ffece5ce000 	C:\Windows\System32\sechost.dll
0x00007ffece400000 - 0x00007ffece522000 	C:\Windows\System32\RPCRT4.dll
0x00007ffece630000 - 0x00007ffece7c7000 	C:\Windows\System32\USER32.dll
0x00007ffece100000 - 0x00007ffece120000 	C:\Windows\System32\win32u.dll
0x00007ffecec00000 - 0x00007ffecec29000 	C:\Windows\System32\GDI32.dll
0x00007ffecda30000 - 0x00007ffecdbca000 	C:\Windows\System32\gdi32full.dll
0x00007ffecd760000 - 0x00007ffecd800000 	C:\Windows\System32\msvcp_win.dll
0x00007ffecd800000 - 0x00007ffecd8fc000 	C:\Windows\System32\ucrtbase.dll
0x00007ffec1ec0000 - 0x00007ffec2139000 	C:\Windows\WinSxS\amd64_microsoft.windows.common-controls_6595b64144ccf1df_6.0.17763.195_none_05b436ac07203599\COMCTL32.dll
0x00007ffed0a40000 - 0x00007ffed0d6d000 	C:\Windows\System32\combase.dll
0x00007ffecd900000 - 0x00007ffecd97e000 	C:\Windows\System32\bcryptPrimitives.dll
0x00007ffece170000 - 0x00007ffece19e000 	C:\Windows\System32\IMM32.DLL
0x0000000063190000 - 0x0000000063262000 	C:\Program Files\Android\Android Studio\jre\jre\bin\msvcr100.dll
0x0000000063270000 - 0x0000000063ab1000 	C:\Program Files\Android\Android Studio\jre\jre\bin\server\jvm.dll
0x00007ffece7d0000 - 0x00007ffece7d8000 	C:\Windows\System32\PSAPI.DLL
0x00007ffec1100000 - 0x00007ffec1109000 	C:\Windows\SYSTEM32\WSOCK32.dll
0x00007ffecaff0000 - 0x00007ffecb014000 	C:\Windows\SYSTEM32\WINMM.dll
0x00007ffed02a0000 - 0x00007ffed030d000 	C:\Windows\System32\WS2_32.dll
0x00007ffec06f0000 - 0x00007ffec06fa000 	C:\Windows\SYSTEM32\VERSION.dll
0x00007ffecafc0000 - 0x00007ffecafed000 	C:\Windows\SYSTEM32\WINMMBASE.dll
0x00007ffece120000 - 0x00007ffece16a000 	C:\Windows\System32\cfgmgr32.dll
0x00007ffec0f30000 - 0x00007ffec0f3f000 	C:\Program Files\Android\Android Studio\jre\jre\bin\verify.dll
0x00007ffec0f00000 - 0x00007ffec0f29000 	C:\Program Files\Android\Android Studio\jre\jre\bin\java.dll
0x00007ffec0ee0000 - 0x00007ffec0ef6000 	C:\Program Files\Android\Android Studio\jre\jre\bin\zip.dll
0x00007ffecec30000 - 0x00007ffed011f000 	C:\Windows\System32\SHELL32.dll
0x00007ffed0310000 - 0x00007ffed03b8000 	C:\Windows\System32\shcore.dll
0x00007ffecd010000 - 0x00007ffecd75a000 	C:\Windows\System32\windows.storage.dll
0x00007ffeccf40000 - 0x00007ffeccf64000 	C:\Windows\System32\profapi.dll
0x00007ffeccf70000 - 0x00007ffeccfcd000 	C:\Windows\System32\powrprof.dll
0x00007ffece5d0000 - 0x00007ffece622000 	C:\Windows\System32\shlwapi.dll
0x00007ffeccff0000 - 0x00007ffecd001000 	C:\Windows\System32\kernel.appcore.dll
0x00007ffece0b0000 - 0x00007ffece0c7000 	C:\Windows\System32\cryptsp.dll
0x00007ffec0eb0000 - 0x00007ffec0eca000 	C:\Program Files\Android\Android Studio\jre\jre\bin\net.dll
0x00007ffecc770000 - 0x00007ffecc7d7000 	C:\Windows\system32\mswsock.dll
0x00007ffec0e90000 - 0x00007ffec0ea1000 	C:\Program Files\Android\Android Studio\jre\jre\bin\nio.dll
0x00007ffec10e0000 - 0x00007ffec10fe000 	C:\Users\HienVu\.gradle\native\25\windows-amd64\native-platform.dll
0x00007ffec0d90000 - 0x00007ffec0d9d000 	C:\Program Files\Android\Android Studio\jre\jre\bin\management.dll
0x00007ffecc330000 - 0x00007ffecc363000 	C:\Windows\system32\rsaenh.dll
0x00007ffece0d0000 - 0x00007ffece0f6000 	C:\Windows\System32\bcrypt.dll
0x00007ffecce40000 - 0x00007ffecce68000 	C:\Windows\SYSTEM32\USERENV.dll
0x00007ffecc940000 - 0x00007ffecc94c000 	C:\Windows\SYSTEM32\CRYPTBASE.dll
0x00007ffecc4d0000 - 0x00007ffecc50d000 	C:\Windows\SYSTEM32\IPHLPAPI.DLL
0x00007ffed0120000 - 0x00007ffed0128000 	C:\Windows\System32\NSI.dll
0x00007ffec6710000 - 0x00007ffec6726000 	C:\Windows\SYSTEM32\dhcpcsvc6.DLL
0x00007ffec66f0000 - 0x00007ffec670c000 	C:\Windows\SYSTEM32\dhcpcsvc.DLL
0x00007ffecc510000 - 0x00007ffecc5d6000 	C:\Windows\SYSTEM32\DNSAPI.dll
0x00007ffebec20000 - 0x00007ffebee0d000 	C:\Windows\SYSTEM32\dbghelp.dll

VM Arguments:
jvm_args: -XX:+HeapDumpOnOutOfMemoryError -Xmx1024m -Dfile.encoding=windows-1252 -Duser.country=US -Duser.language=en -Duser.variant 
java_command: org.gradle.launcher.daemon.bootstrap.GradleDaemon 4.6
java_class_path (initial): C:\Users\HienVu\.gradle\wrapper\dists\gradle-4.6-all\bcst21l2brirad8k2ben1letg\gradle-4.6\lib\gradle-launcher-4.6.jar
Launcher Type: SUN_STANDARD

Environment Variables:
JAVA_HOME=C:\Program Files\Java\jdk1.8.0_191
CLASSPATH=.;
PATH=C:\Python27\;C:\Python27\Scripts;C:\Windows\system32;C:\Windows;C:\Windows\System32\Wbem;C:\Windows\System32\WindowsPowerShell\v1.0\;C:\Windows\System32\OpenSSH\;C:\Users\HienVu\AppData\Local\Android\Sdk\platform-tools;C:\Program Files\Git\cmd;C:\ProgramData\chocolatey\bin;C:\Program Files\nodejs\;C:\Program Files\Java\jdk1.8.0_191\bin;C:\Users\HienVu\AppData\Local\Microsoft\WindowsApps;C:\Users\HienVu\AppData\Local\Programs\Microsoft VS Code\bin;C:\Users\HienVu\AppData\Roaming\npm;C:\Users\HienVu\AppData\Local\atom\bin
USERNAME=HienVu
OS=Windows_NT
PROCESSOR_IDENTIFIER=Intel64 Family 6 Model 42 Stepping 7, GenuineIntel



---------------  S Y S T E M  ---------------

OS: Windows 10.0 , 64 bit Build 17763 (10.0.17763.1)

CPU:total 4 (initial active 4) (4 cores per cpu, 1 threads per core) family 6 model 42 stepping 7, cmov, cx8, fxsr, mmx, sse, sse2, sse3, ssse3, sse4.1, sse4.2, popcnt, avx, aes, clmul, tsc, tscinvbit

Memory: 4k page, physical 12464688k(6147752k free), swap 14955056k(7021564k free)

vm_info: OpenJDK 64-Bit Server VM (25.152-b06) for windows-amd64 JRE (1.8.0_152-release-1136-b06), built by "builder" with MS VC++ 10.0 (VS2010)

time: Wed Dec 26 10:44:20 2018
elapsed time: 6 seconds (0d 0h 0m 6s)

