#
# A fatal error has been detected by the Java Runtime Environment:
#
#  EXCEPTION_ACCESS_VIOLATION (0xc0000005) at pc=0x0000000051463737, pid=10124, tid=0x00000000000027d4
#
# JRE version: Java(TM) SE Runtime Environment (8.0_191-b12) (build 1.8.0_191-b12)
# Java VM: Java HotSpot(TM) 64-Bit Server VM (25.191-b12 mixed mode windows-amd64 compressed oops)
# Problematic frame:
# V  [jvm.dll+0x4c3737]
#
# Failed to write core dump. Minidumps are not enabled by default on client versions of Windows
#
# If you would like to submit a bug report, please visit:
#   http://bugreport.java.com/bugreport/crash.jsp
#

---------------  T H R E A D  ---------------

Current thread (0x0000000019609800):  JavaThread "C2 CompilerThread1" daemon [_thread_in_native, id=10196, stack(0x000000001ad00000,0x000000001ae00000)]

siginfo: ExceptionCode=0xc0000005, reading address 0x0000000000000008

Registers:
RAX=0x000000001b80c2f0, RBX=0x000000001b734f50, RCX=0x000000000000089e, RDX=0x0000000000000000
RSP=0x000000001adfb5c0, RBP=0x000000001adfb700, RSI=0x0000000000000000, RDI=0x000000001b8082f0
R8 =0x0000000000000000, R9 =0x00000000000008ae, R10=0x000000001b814190, R11=0x000000001adfbb50
R12=0x0000000019577c50, R13=0x000000001b7bc170, R14=0x0000000000000002, R15=0x0000000019577c50
RIP=0x0000000051463737, EFLAGS=0x0000000000010287

Top of Stack: (sp=0x000000001adfb5c0)
0x000000001adfb5c0:   000000001b734f50 0000000019577c50
0x000000001adfb5d0:   0000000019577c50 000000001b850cd0
0x000000001adfb5e0:   0000000000000037 000000001adfb7c0
0x000000001adfb5f0:   000000001b807fb0 0000000051463663
0x000000001adfb600:   0000000000000000 000000001adfb718
0x000000001adfb610:   000000001adfb748 000000001b814180
0x000000001adfb620:   00000000000502c0 000000001b81bc30
0x000000001adfb630:   000000001b808110 0000000051463663
0x000000001adfb640:   0000000019577c50 000000001adfb718
0x000000001adfb650:   000000001adfb748 0000000000000080
0x000000001adfb660:   000000001b7cefa0 0000000000000001
0x000000001adfb670:   000000001b8041b0 0000000051463663
0x000000001adfb680:   0000000000000002 000000001adfb718
0x000000001adfb690:   000000001adfb748 000000001adfbb50
0x000000001adfb6a0:   0000000000000000 000000001adfb7c0
0x000000001adfb6b0:   000000001adfbb50 0000000051468482 

Instructions: (pc=0x0000000051463737)
0x0000000051463717:   c5 ff ff 48 3b c7 74 57 48 85 f6 75 37 48 8b f3
0x0000000051463727:   eb 32 e8 12 c5 ff ff 48 3b f8 74 28 4c 8b 40 20
0x0000000051463737:   49 8b 48 08 48 8b 11 0f b6 4a 2c 80 e1 1f 80 f9
0x0000000051463747:   15 4c 0f 44 c2 49 3b d8 75 0a f6 40 51 04 75 23 


Register to memory mapping:

RAX=0x000000001b80c2f0 is an unknown value
RBX=0x000000001b734f50 is an unknown value
RCX=0x000000000000089e is an unknown value
RDX=0x0000000000000000 is an unknown value
RSP=0x000000001adfb5c0 is pointing into the stack for thread: 0x0000000019609800
RBP=0x000000001adfb700 is pointing into the stack for thread: 0x0000000019609800
RSI=0x0000000000000000 is an unknown value
RDI=0x000000001b8082f0 is an unknown value
R8 =0x0000000000000000 is an unknown value
R9 =0x00000000000008ae is an unknown value
R10=0x000000001b814190 is an unknown value
R11=0x000000001adfbb50 is pointing into the stack for thread: 0x0000000019609800
R12=0x0000000019577c50 is an unknown value
R13=0x000000001b7bc170 is an unknown value
R14=0x0000000000000002 is an unknown value
R15=0x0000000019577c50 is an unknown value


Stack: [0x000000001ad00000,0x000000001ae00000],  sp=0x000000001adfb5c0,  free space=1005k
Native frames: (J=compiled Java code, j=interpreted, Vv=VM code, C=native code)
V  [jvm.dll+0x4c3737]
V  [jvm.dll+0x4c3663]
V  [jvm.dll+0x4c3663]
V  [jvm.dll+0x4c3663]
V  [jvm.dll+0x4c8482]
V  [jvm.dll+0x47845c]
V  [jvm.dll+0x4798b3]
V  [jvm.dll+0x45c162]
V  [jvm.dll+0xa6c82]
V  [jvm.dll+0xa75cf]
V  [jvm.dll+0x2461df]
V  [jvm.dll+0x29eb9a]
C  [msvcr100.dll+0x21d9f]
C  [msvcr100.dll+0x21e3b]
C  [KERNEL32.DLL+0x17e94]
C  [ntdll.dll+0x6a251]


Current CompileTask:
C2:    616  329  s    4       sun.misc.URLClassPath::getNextLoader (88 bytes)


---------------  P R O C E S S  ---------------

Java Threads: ( => current thread )
  0x000000001ae10000 JavaThread "Service Thread" daemon [_thread_blocked, id=6444, stack(0x000000001b300000,0x000000001b400000)]
  0x000000001ae02000 JavaThread "C1 CompilerThread2" daemon [_thread_blocked, id=5728, stack(0x000000001b200000,0x000000001b300000)]
=>0x0000000019609800 JavaThread "C2 CompilerThread1" daemon [_thread_in_native, id=10196, stack(0x000000001ad00000,0x000000001ae00000)]
  0x00000000195b0000 JavaThread "C2 CompilerThread0" daemon [_thread_in_native, id=6844, stack(0x000000001ac00000,0x000000001ad00000)]
  0x00000000195ae000 JavaThread "Attach Listener" daemon [_thread_blocked, id=10140, stack(0x000000001ab00000,0x000000001ac00000)]
  0x00000000195ad000 JavaThread "Signal Dispatcher" daemon [_thread_blocked, id=5500, stack(0x000000001aa00000,0x000000001ab00000)]
  0x0000000002526800 JavaThread "Finalizer" daemon [_thread_blocked, id=8116, stack(0x000000001a800000,0x000000001a900000)]
  0x000000001959a000 JavaThread "Reference Handler" daemon [_thread_blocked, id=6848, stack(0x000000001a700000,0x000000001a800000)]
  0x000000000232e800 JavaThread "main" [_thread_in_Java, id=7504, stack(0x0000000002330000,0x0000000002430000)]

Other Threads:
  0x0000000019578000 VMThread [stack: 0x000000001a600000,0x000000001a700000] [id=9604]
  0x000000001ae04800 WatcherThread [stack: 0x000000001b400000,0x000000001b500000] [id=2468]

VM state:not at safepoint (normal execution)

VM Mutex/Monitor currently owned by a thread: None

Heap:
 PSYoungGen      total 57344K, used 11798K [0x0000000780980000, 0x0000000784980000, 0x00000007c0000000)
  eden space 49152K, 24% used [0x0000000780980000,0x0000000781505bf0,0x0000000783980000)
  from space 8192K, 0% used [0x0000000784180000,0x0000000784180000,0x0000000784980000)
  to   space 8192K, 0% used [0x0000000783980000,0x0000000783980000,0x0000000784180000)
 ParOldGen       total 131072K, used 0K [0x0000000701c00000, 0x0000000709c00000, 0x0000000780980000)
  object space 131072K, 0% used [0x0000000701c00000,0x0000000701c00000,0x0000000709c00000)
 Metaspace       used 5056K, capacity 5424K, committed 5632K, reserved 1056768K
  class space    used 630K, capacity 704K, committed 768K, reserved 1048576K

Card table byte_map: [0x00000000118f0000,0x0000000011ef0000] byte_map_base: 0x000000000e0e2000

Marking Bits: (ParMarkBitMap*) 0x00000000517c3e30
 Begin Bits: [0x00000000126f0000, 0x0000000015680000)
 End Bits:   [0x0000000015680000, 0x0000000018610000)

Polling page: 0x0000000000690000

CodeCache: size=245760Kb used=1807Kb max_used=1823Kb free=243952Kb
 bounds [0x0000000002530000, 0x00000000027a0000, 0x0000000011530000]
 total_blobs=601 nmethods=331 adapters=183
 compilation: enabled

Compilation events (10 events):
Event: 0.569 Thread 0x000000001ae02000  325       3       java.util.zip.ZipEntry::getSize (5 bytes)
Event: 0.569 Thread 0x000000001ae02000 nmethod 325 0x00000000026e8d10 code [0x00000000026e8e60, 0x00000000026e8fb0]
Event: 0.569 Thread 0x0000000019609800  326       4       java.lang.String::<init> (82 bytes)
Event: 0.570 Thread 0x000000001ae02000  327       3       java.security.CodeSource::getCertificates (98 bytes)
Event: 0.571 Thread 0x000000001ae02000 nmethod 327 0x00000000026e7ad0 code [0x00000000026e7d00, 0x00000000026e88f8]
Event: 0.573 Thread 0x0000000019609800 nmethod 326 0x00000000026e7450 code [0x00000000026e75a0, 0x00000000026e7898]
Event: 0.573 Thread 0x00000000195b0000  328  s!   4       sun.misc.URLClassPath::getLoader (243 bytes)
Event: 0.573 Thread 0x0000000019609800  329  s    4       sun.misc.URLClassPath::getNextLoader (88 bytes)
Event: 0.574 Thread 0x000000001ae02000  330       3       java.util.BitSet::get (69 bytes)
Event: 0.574 Thread 0x000000001ae02000 nmethod 330 0x00000000026f1d10 code [0x00000000026f1f00, 0x00000000026f28c8]

GC Heap History (0 events):
No events

Deoptimization events (1 events):
Event: 0.470 Thread 0x000000000232e800 Uncommon trap: reason=unstable_if action=reinterpret pc=0x00000000026ab1b4 method=java.lang.String.startsWith(Ljava/lang/String;I)Z @ 25

Classes redefined (0 events):
No events

Internal exceptions (9 events):
Event: 0.082 Thread 0x000000000232e800 Exception <a 'java/lang/NoSuchMethodError': Method sun.misc.Unsafe.defineClass(Ljava/lang/String;[BII)Ljava/lang/Class; name or signature does not match> (0x0000000780987cb0) thrown at [C:\re\workspace\8-2-build-windows-amd64-cygwin\jdk8u191\11896\hotspot
Event: 0.083 Thread 0x000000000232e800 Exception <a 'java/lang/NoSuchMethodError': Method sun.misc.Unsafe.prefetchRead(Ljava/lang/Object;J)V name or signature does not match> (0x0000000780987f98) thrown at [C:\re\workspace\8-2-build-windows-amd64-cygwin\jdk8u191\11896\hotspot\src\share\vm\prim
Event: 0.223 Thread 0x000000000232e800 Exception <a 'java/security/PrivilegedActionException'> (0x0000000780b7ebf8) thrown at [C:\re\workspace\8-2-build-windows-amd64-cygwin\jdk8u191\11896\hotspot\src\share\vm\prims\jvm.cpp, line 1435]
Event: 0.223 Thread 0x000000000232e800 Exception <a 'java/security/PrivilegedActionException'> (0x0000000780b7ee08) thrown at [C:\re\workspace\8-2-build-windows-amd64-cygwin\jdk8u191\11896\hotspot\src\share\vm\prims\jvm.cpp, line 1435]
Event: 0.226 Thread 0x000000000232e800 Exception <a 'java/security/PrivilegedActionException'> (0x0000000780b82d18) thrown at [C:\re\workspace\8-2-build-windows-amd64-cygwin\jdk8u191\11896\hotspot\src\share\vm\prims\jvm.cpp, line 1435]
Event: 0.226 Thread 0x000000000232e800 Exception <a 'java/security/PrivilegedActionException'> (0x0000000780b82f28) thrown at [C:\re\workspace\8-2-build-windows-amd64-cygwin\jdk8u191\11896\hotspot\src\share\vm\prims\jvm.cpp, line 1435]
Event: 0.537 Thread 0x000000000232e800 Exception <a 'java/lang/ArrayIndexOutOfBoundsException': 100> (0x00000007811e1e58) thrown at [C:\re\workspace\8-2-build-windows-amd64-cygwin\jdk8u191\11896\hotspot\src\share\vm\interpreter\interpreterRuntime.cpp, line 366]
Event: 0.538 Thread 0x000000000232e800 Exception <a 'java/lang/ArrayIndexOutOfBoundsException': 18> (0x00000007811e2d90) thrown at [C:\re\workspace\8-2-build-windows-amd64-cygwin\jdk8u191\11896\hotspot\src\share\vm\interpreter\interpreterRuntime.cpp, line 366]
Event: 0.538 Thread 0x000000000232e800 Exception <a 'java/lang/ArrayIndexOutOfBoundsException': 40> (0x00000007811e39c0) thrown at [C:\re\workspace\8-2-build-windows-amd64-cygwin\jdk8u191\11896\hotspot\src\share\vm\interpreter\interpreterRuntime.cpp, line 366]

Events (10 events):
Event: 0.572 loading class org/gradle/internal/logging/source/PrintStreamLoggingSystem$OutputEventDestination
Event: 0.572 loading class org/gradle/internal/logging/source/PrintStreamLoggingSystem$OutputEventDestination done
Event: 0.572 loading class org/gradle/internal/logging/source/PrintStreamLoggingSystem$SnapshotImpl
Event: 0.572 loading class org/gradle/internal/logging/source/PrintStreamLoggingSystem$SnapshotImpl done
Event: 0.573 loading class org/gradle/internal/logging/source/DefaultStdErrLoggingSystem
Event: 0.573 loading class org/gradle/internal/logging/source/DefaultStdErrLoggingSystem done
Event: 0.573 loading class org/gradle/internal/logging/source/StdErrLoggingSystem
Event: 0.573 loading class org/gradle/internal/logging/source/StdErrLoggingSystem done
Event: 0.580 loading class org/gradle/internal/logging/LoggingManagerInternal
Event: 0.580 loading class org/gradle/internal/logging/LoggingManagerInternal done


Dynamic libraries:
0x00007ff7ec490000 - 0x00007ff7ec4c7000 	C:\Program Files\Java\jdk1.8.0_191\bin\java.exe
0x00007ffb352e0000 - 0x00007ffb354cd000 	C:\Windows\SYSTEM32\ntdll.dll
0x00007ffb34b50000 - 0x00007ffb34c03000 	C:\Windows\System32\KERNEL32.DLL
0x00007ffb313b0000 - 0x00007ffb31643000 	C:\Windows\System32\KERNELBASE.dll
0x00007ffb348d0000 - 0x00007ffb34973000 	C:\Windows\System32\ADVAPI32.dll
0x00007ffb34700000 - 0x00007ffb3479e000 	C:\Windows\System32\msvcrt.dll
0x00007ffb34570000 - 0x00007ffb3460e000 	C:\Windows\System32\sechost.dll
0x00007ffb347a0000 - 0x00007ffb348c2000 	C:\Windows\System32\RPCRT4.dll
0x00007ffb33a10000 - 0x00007ffb33ba7000 	C:\Windows\System32\USER32.dll
0x00007ffb31750000 - 0x00007ffb31770000 	C:\Windows\System32\win32u.dll
0x00007ffb34eb0000 - 0x00007ffb34ed9000 	C:\Windows\System32\GDI32.dll
0x00007ffb320e0000 - 0x00007ffb3227a000 	C:\Windows\System32\gdi32full.dll
0x00007ffb31770000 - 0x00007ffb31810000 	C:\Windows\System32\msvcp_win.dll
0x00007ffb31650000 - 0x00007ffb3174c000 	C:\Windows\System32\ucrtbase.dll
0x00007ffb277c0000 - 0x00007ffb27a39000 	C:\Windows\WinSxS\amd64_microsoft.windows.common-controls_6595b64144ccf1df_6.0.17763.195_none_05b436ac07203599\COMCTL32.dll
0x00007ffb34ee0000 - 0x00007ffb3520d000 	C:\Windows\System32\combase.dll
0x00007ffb32060000 - 0x00007ffb320de000 	C:\Windows\System32\bcryptPrimitives.dll
0x00007ffb34090000 - 0x00007ffb340be000 	C:\Windows\System32\IMM32.DLL
0x0000000051850000 - 0x0000000051922000 	C:\Program Files\Java\jdk1.8.0_191\jre\bin\msvcr100.dll
0x0000000050fa0000 - 0x0000000051844000 	C:\Program Files\Java\jdk1.8.0_191\jre\bin\server\jvm.dll
0x00007ffb33a00000 - 0x00007ffb33a08000 	C:\Windows\System32\PSAPI.DLL
0x00007ffb2e960000 - 0x00007ffb2e984000 	C:\Windows\SYSTEM32\WINMM.dll
0x00007ffb228f0000 - 0x00007ffb228f9000 	C:\Windows\SYSTEM32\WSOCK32.dll
0x00007ffb34690000 - 0x00007ffb346fd000 	C:\Windows\System32\WS2_32.dll
0x00007ffb2ed10000 - 0x00007ffb2ed1a000 	C:\Windows\SYSTEM32\VERSION.dll
0x00007ffb2e930000 - 0x00007ffb2e95d000 	C:\Windows\SYSTEM32\WINMMBASE.dll
0x00007ffb32010000 - 0x00007ffb3205a000 	C:\Windows\System32\cfgmgr32.dll
0x0000000050f90000 - 0x0000000050f9f000 	C:\Program Files\Java\jdk1.8.0_191\jre\bin\verify.dll
0x0000000050f60000 - 0x0000000050f89000 	C:\Program Files\Java\jdk1.8.0_191\jre\bin\java.dll
0x0000000050f40000 - 0x0000000050f56000 	C:\Program Files\Java\jdk1.8.0_191\jre\bin\zip.dll
0x00007ffb32510000 - 0x00007ffb339ff000 	C:\Windows\System32\SHELL32.dll
0x00007ffb34cd0000 - 0x00007ffb34d78000 	C:\Windows\System32\shcore.dll
0x00007ffb31810000 - 0x00007ffb31f5a000 	C:\Windows\System32\windows.storage.dll
0x00007ffb312e0000 - 0x00007ffb31304000 	C:\Windows\System32\profapi.dll
0x00007ffb31310000 - 0x00007ffb3136d000 	C:\Windows\System32\powrprof.dll
0x00007ffb34030000 - 0x00007ffb34082000 	C:\Windows\System32\shlwapi.dll
0x00007ffb31390000 - 0x00007ffb313a1000 	C:\Windows\System32\kernel.appcore.dll
0x00007ffb31ff0000 - 0x00007ffb32007000 	C:\Windows\System32\cryptsp.dll
0x0000000050f20000 - 0x0000000050f3a000 	C:\Program Files\Java\jdk1.8.0_191\jre\bin\net.dll
0x00007ffb30730000 - 0x00007ffb30797000 	C:\Windows\system32\mswsock.dll
0x0000000050f00000 - 0x0000000050f11000 	C:\Program Files\Java\jdk1.8.0_191\jre\bin\nio.dll
0x00007ffb30e20000 - 0x00007ffb3100d000 	C:\Windows\SYSTEM32\dbghelp.dll

VM Arguments:
jvm_args: -Dorg.gradle.appname=gradlew 
java_command: org.gradle.wrapper.GradleWrapperMain installDebug
java_class_path (initial): C:\Users\HienVu\Desktop\work-space\react-native\toturials01\android\\gradle\wrapper\gradle-wrapper.jar
Launcher Type: SUN_STANDARD

Environment Variables:
JAVA_HOME=C:\Program Files\Java\jdk1.8.0_191
CLASSPATH=C:\Users\HienVu\Desktop\work-space\react-native\toturials01\android\\gradle\wrapper\gradle-wrapper.jar
PATH=C:\Python27\;C:\Python27\Scripts;C:\Windows\system32;C:\Windows;C:\Windows\System32\Wbem;C:\Windows\System32\WindowsPowerShell\v1.0\;C:\Windows\System32\OpenSSH\;C:\Users\HienVu\AppData\Local\Android\Sdk\platform-tools;C:\Program Files\Git\cmd;C:\ProgramData\chocolatey\bin;C:\Program Files\nodejs\;C:\Program Files\Java\jdk1.8.0_191\bin;C:\Users\HienVu\AppData\Local\Microsoft\WindowsApps;C:\Users\HienVu\AppData\Local\Programs\Microsoft VS Code\bin;C:\Users\HienVu\AppData\Roaming\npm;C:\Users\HienVu\AppData\Local\atom\bin
USERNAME=HienVu
OS=Windows_NT
PROCESSOR_IDENTIFIER=Intel64 Family 6 Model 42 Stepping 7, GenuineIntel



---------------  S Y S T E M  ---------------

OS: Windows 10.0 , 64 bit Build 17763 (10.0.17763.1)

CPU:total 4 (initial active 4) (4 cores per cpu, 1 threads per core) family 6 model 42 stepping 7, cmov, cx8, fxsr, mmx, sse, sse2, sse3, ssse3, sse4.1, sse4.2, popcnt, avx, aes, clmul, tsc, tscinvbit

Memory: 4k page, physical 12464688k(5031912k free), swap 14955056k(6795224k free)

vm_info: Java HotSpot(TM) 64-Bit Server VM (25.191-b12) for windows-amd64 JRE (1.8.0_191-b12), built on Oct  6 2018 09:29:03 by "java_re" with MS VC++ 10.0 (VS2010)

time: Tue Dec 25 13:37:35 2018
elapsed time: 0 seconds (0d 0h 0m 0s)

