#
# A fatal error has been detected by the Java Runtime Environment:
#
#  EXCEPTION_ACCESS_VIOLATION (0xc0000005) at pc=0x0000000051423cce, pid=8664, tid=0x00000000000015fc
#
# JRE version: Java(TM) SE Runtime Environment (8.0_191-b12) (build 1.8.0_191-b12)
# Java VM: Java HotSpot(TM) 64-Bit Server VM (25.191-b12 mixed mode windows-amd64 compressed oops)
# Problematic frame:
# V  [jvm.dll+0x483cce]
#
# Failed to write core dump. Minidumps are not enabled by default on client versions of Windows
#
# If you would like to submit a bug report, please visit:
#   http://bugreport.java.com/bugreport/crash.jsp
#

---------------  T H R E A D  ---------------

Current thread (0x00000000152c3000):  JavaThread "C2 CompilerThread1" daemon [_thread_in_native, id=5628, stack(0x0000000016a20000,0x0000000016b20000)]

siginfo: ExceptionCode=0xc0000005, reading address 0x0000000000004020

Registers:
RAX=0x0000000000000aa2, RBX=0x0000000000000000, RCX=0x0000000000004000, RDX=0x000000001c4c23f0
RSP=0x0000000016b1b660, RBP=0x000000001c4c23f0, RSI=0x0000000000000000, RDI=0x0000000000000000
R8 =0x000000001c4bb780, R9 =0x000000001c4c2490, R10=0x0000000000000003, R11=0x000000001c4c23f0
R12=0x000000001c48e050, R13=0x000000001bbc6f60, R14=0x000000001830e7e0, R15=0x0000000000000020
RIP=0x0000000051423cce, EFLAGS=0x0000000000010206

Top of Stack: (sp=0x0000000016b1b660)
0x0000000016b1b660:   0000000000000178 0000000000000000
0x0000000016b1b670:   000000000000002f 000000001bbc6f60
0x0000000016b1b680:   0000000000000a71 000000001bcc2890
0x0000000016b1b690:   00000000002d4138 000000001bcd2ad0
0x0000000016b1b6a0:   000000001bbc6f60 000000001bcd2ad0
0x0000000016b1b6b0:   00000000152877e0 000000005161d888
0x0000000016b1b6c0:   00000000152877e0 0000000000000400
0x0000000016b1b6d0:   000000001b14b250 0000000000000001
0x0000000016b1b6e0:   0000000000000001 00000000152877e0
0x0000000016b1b6f0:   0000000000000001 000000001bef4780
0x0000000016b1b700:   00000000152877e0 0000000016b1bbc0
0x0000000016b1b710:   0000000000000000 0000000016b1b830
0x0000000016b1b720:   0000000016b1bbe0 000000005146834b
0x0000000016b1b730:   0000000016b1bbc0 0000000000000f93
0x0000000016b1b740:   000000001c48e050 000000001c4c23f0
0x0000000016b1b750:   000000001bef47d0 000000001befc768 

Instructions: (pc=0x0000000051423cce)
0x0000000051423cae:   00 83 f9 ff 74 67 4c 8d 04 89 49 c1 e0 04 4d 03
0x0000000051423cbe:   c4 49 8b 48 20 48 85 c9 75 06 49 8b 50 18 eb 42
0x0000000051423cce:   48 83 79 20 00 74 25 e8 f6 f0 ff ff 4d 8b 48 20
0x0000000051423cde:   49 8b 40 18 49 8b 51 18 8b 48 08 39 4a 08 73 04 


Register to memory mapping:

RAX=0x0000000000000aa2 is an unknown value
RBX=0x0000000000000000 is an unknown value
RCX=0x0000000000004000 is an unknown value
RDX=0x000000001c4c23f0 is an unknown value
RSP=0x0000000016b1b660 is pointing into the stack for thread: 0x00000000152c3000
RBP=0x000000001c4c23f0 is an unknown value
RSI=0x0000000000000000 is an unknown value
RDI=0x0000000000000000 is an unknown value
R8 =0x000000001c4bb780 is an unknown value
R9 =0x000000001c4c2490 is an unknown value
R10=0x0000000000000003 is an unknown value
R11=0x000000001c4c23f0 is an unknown value
R12=0x000000001c48e050 is an unknown value
R13=0x000000001bbc6f60 is an unknown value
R14=0x000000001830e7e0 is an unknown value
R15=0x0000000000000020 is an unknown value


Stack: [0x0000000016a20000,0x0000000016b20000],  sp=0x0000000016b1b660,  free space=1005k
Native frames: (J=compiled Java code, j=interpreted, Vv=VM code, C=native code)
V  [jvm.dll+0x483cce]
V  [jvm.dll+0x4c834b]
V  [jvm.dll+0x478a80]
V  [jvm.dll+0x4798b3]
V  [jvm.dll+0x45c162]
V  [jvm.dll+0xa6c82]
V  [jvm.dll+0xa75cf]
V  [jvm.dll+0x2461df]
V  [jvm.dll+0x29eb9a]
C  [msvcr100.dll+0x21d9f]
C  [msvcr100.dll+0x21e3b]
C  [KERNEL32.DLL+0x17e94]
C  [ntdll.dll+0x6a251]


Current CompileTask:
C2:   3091 1414   !   4       java.net.URLClassLoader$1::run (63 bytes)


---------------  P R O C E S S  ---------------

Java Threads: ( => current thread )
  0x0000000018620000 JavaThread "Cache worker for file hash cache (C:\Users\HienVu\Desktop\work-space\react-native\toturials01\android\.gradle\4.4\fileHashes)" [_thread_blocked, id=9596, stack(0x000000001af40000,0x000000001b040000)]
  0x000000001861f000 JavaThread "File lock request listener" [_thread_in_native, id=4164, stack(0x000000001ae40000,0x000000001af40000)]
  0x000000001861e800 JavaThread "Cache worker for file hash cache (C:\Users\HienVu\.gradle\caches\4.4\fileHashes)" [_thread_blocked, id=5168, stack(0x0000000019d70000,0x0000000019e70000)]
  0x0000000018588000 JavaThread "Stdin handler" [_thread_blocked, id=6728, stack(0x0000000019a70000,0x0000000019b70000)]
  0x0000000018587800 JavaThread "Asynchronous log dispatcher for DefaultDaemonConnection: socket connection from /127.0.0.1:50247 to /127.0.0.1:50248" [_thread_blocked, id=1068, stack(0x0000000019970000,0x0000000019a70000)]
  0x0000000018391800 JavaThread "Daemon worker" [_thread_in_native, id=4536, stack(0x0000000019870000,0x0000000019970000)]
  0x000000001838d800 JavaThread "Cancel handler" [_thread_blocked, id=6924, stack(0x0000000019770000,0x0000000019870000)]
  0x00000000173b6000 JavaThread "Handler for socket connection from /127.0.0.1:50247 to /127.0.0.1:50248" [_thread_in_native, id=8224, stack(0x0000000019470000,0x0000000019570000)]
  0x00000000173b5800 JavaThread "Daemon" [_thread_blocked, id=9780, stack(0x0000000019370000,0x0000000019470000)]
  0x0000000018530000 JavaThread "Daemon periodic checks" [_thread_blocked, id=4368, stack(0x0000000019270000,0x0000000019370000)]
  0x0000000018490800 JavaThread "Incoming local TCP Connector on port 50247" [_thread_in_native, id=1856, stack(0x0000000019030000,0x0000000019130000)]
  0x0000000018173800 JavaThread "Daemon health stats" [_thread_blocked, id=8720, stack(0x00000000189f0000,0x0000000018af0000)]
  0x0000000016c51800 JavaThread "Service Thread" daemon [_thread_blocked, id=740, stack(0x0000000017020000,0x0000000017120000)]
  0x0000000015307800 JavaThread "C1 CompilerThread2" daemon [_thread_blocked, id=5452, stack(0x0000000016b20000,0x0000000016c20000)]
=>0x00000000152c3000 JavaThread "C2 CompilerThread1" daemon [_thread_in_native, id=5628, stack(0x0000000016a20000,0x0000000016b20000)]
  0x00000000152bf000 JavaThread "C2 CompilerThread0" daemon [_thread_in_native, id=3416, stack(0x0000000016920000,0x0000000016a20000)]
  0x00000000152bd000 JavaThread "Attach Listener" daemon [_thread_blocked, id=8708, stack(0x0000000016820000,0x0000000016920000)]
  0x00000000152bb800 JavaThread "Signal Dispatcher" daemon [_thread_blocked, id=5664, stack(0x0000000016720000,0x0000000016820000)]
  0x0000000002bea800 JavaThread "Finalizer" daemon [_thread_blocked, id=8704, stack(0x0000000016520000,0x0000000016620000)]
  0x00000000152aa000 JavaThread "Reference Handler" daemon [_thread_blocked, id=9316, stack(0x0000000016420000,0x0000000016520000)]
  0x0000000002aee800 JavaThread "main" [_thread_blocked, id=4220, stack(0x0000000002960000,0x0000000002a60000)]

Other Threads:
  0x0000000015288000 VMThread [stack: 0x0000000016320000,0x0000000016420000] [id=4888]
  0x0000000016c52800 WatcherThread [stack: 0x0000000017120000,0x0000000017220000] [id=1712]

VM state:not at safepoint (normal execution)

VM Mutex/Monitor currently owned by a thread: None

Heap:
 PSYoungGen      total 57344K, used 26526K [0x00000000eab00000, 0x00000000eeb00000, 0x0000000100000000)
  eden space 49152K, 37% used [0x00000000eab00000,0x00000000ebcebf18,0x00000000edb00000)
  from space 8192K, 99% used [0x00000000ee300000,0x00000000eeafbcd0,0x00000000eeb00000)
  to   space 8192K, 0% used [0x00000000edb00000,0x00000000edb00000,0x00000000ee300000)
 ParOldGen       total 131072K, used 190K [0x00000000c0000000, 0x00000000c8000000, 0x00000000eab00000)
  object space 131072K, 0% used [0x00000000c0000000,0x00000000c002fb68,0x00000000c8000000)
 Metaspace       used 15843K, capacity 16160K, committed 16384K, reserved 1062912K
  class space    used 2310K, capacity 2466K, committed 2560K, reserved 1048576K

Card table byte_map: [0x0000000011fb0000,0x00000000121c0000] byte_map_base: 0x00000000119b0000

Marking Bits: (ParMarkBitMap*) 0x00000000517c3e30
 Begin Bits: [0x0000000012720000, 0x0000000013720000)
 End Bits:   [0x0000000013720000, 0x0000000014720000)

Polling page: 0x0000000000c20000

CodeCache: size=245760Kb used=4893Kb max_used=4893Kb free=240866Kb
 bounds [0x0000000002bf0000, 0x00000000030c0000, 0x0000000011bf0000]
 total_blobs=1798 nmethods=1423 adapters=287
 compilation: enabled

Compilation events (10 events):
Event: 2.970 Thread 0x0000000015307800 1421       3       java.util.HashMap::afterNodeRemoval (1 bytes)
Event: 2.970 Thread 0x0000000015307800 nmethod 1421 0x00000000030ac550 code [0x00000000030ac6a0, 0x00000000030ac7f0]
Event: 3.032 Thread 0x0000000015307800 1423       3       org.gradle.internal.service.DefaultServiceRegistry$ParentServices::wrap (10 bytes)
Event: 3.032 Thread 0x0000000015307800 nmethod 1423 0x00000000030b9290 code [0x00000000030b9400, 0x00000000030b9690]
Event: 3.032 Thread 0x0000000015307800 1424       3       java.util.IdentityHashMap::maskNull (12 bytes)
Event: 3.033 Thread 0x0000000015307800 nmethod 1424 0x00000000030b9790 code [0x00000000030b98e0, 0x00000000030b9a70]
Event: 3.033 Thread 0x0000000015307800 1425       3       org.gradle.internal.service.DefaultServiceRegistry$ParameterizedTypeSpec::isSatisfiedBy (9 bytes)
Event: 3.033 Thread 0x0000000015307800 nmethod 1425 0x00000000030b9ad0 code [0x00000000030b9c40, 0x00000000030b9ee8]
Event: 3.035 Thread 0x0000000015307800 1426       3       java.util.IdentityHashMap::nextKeyIndex (15 bytes)
Event: 3.035 Thread 0x0000000015307800 nmethod 1426 0x00000000030b9f90 code [0x00000000030ba0e0, 0x00000000030ba270]

GC Heap History (4 events):
Event: 1.378 GC heap before
{Heap before GC invocations=1 (full 0):
 PSYoungGen      total 57344K, used 49152K [0x00000000eab00000, 0x00000000eeb00000, 0x0000000100000000)
  eden space 49152K, 100% used [0x00000000eab00000,0x00000000edb00000,0x00000000edb00000)
  from space 8192K, 0% used [0x00000000ee300000,0x00000000ee300000,0x00000000eeb00000)
  to   space 8192K, 0% used [0x00000000edb00000,0x00000000edb00000,0x00000000ee300000)
 ParOldGen       total 131072K, used 0K [0x00000000c0000000, 0x00000000c8000000, 0x00000000eab00000)
  object space 131072K, 0% used [0x00000000c0000000,0x00000000c0000000,0x00000000c8000000)
 Metaspace       used 6946K, capacity 7114K, committed 7424K, reserved 1056768K
  class space    used 896K, capacity 949K, committed 1024K, reserved 1048576K
Event: 1.385 GC heap after
Heap after GC invocations=1 (full 0):
 PSYoungGen      total 57344K, used 5227K [0x00000000eab00000, 0x00000000eeb00000, 0x0000000100000000)
  eden space 49152K, 0% used [0x00000000eab00000,0x00000000eab00000,0x00000000edb00000)
  from space 8192K, 63% used [0x00000000edb00000,0x00000000ee01ae68,0x00000000ee300000)
  to   space 8192K, 0% used [0x00000000ee300000,0x00000000ee300000,0x00000000eeb00000)
 ParOldGen       total 131072K, used 16K [0x00000000c0000000, 0x00000000c8000000, 0x00000000eab00000)
  object space 131072K, 0% used [0x00000000c0000000,0x00000000c0004000,0x00000000c8000000)
 Metaspace       used 6946K, capacity 7114K, committed 7424K, reserved 1056768K
  class space    used 896K, capacity 949K, committed 1024K, reserved 1048576K
}
Event: 2.660 GC heap before
{Heap before GC invocations=2 (full 0):
 PSYoungGen      total 57344K, used 54379K [0x00000000eab00000, 0x00000000eeb00000, 0x0000000100000000)
  eden space 49152K, 100% used [0x00000000eab00000,0x00000000edb00000,0x00000000edb00000)
  from space 8192K, 63% used [0x00000000edb00000,0x00000000ee01ae68,0x00000000ee300000)
  to   space 8192K, 0% used [0x00000000ee300000,0x00000000ee300000,0x00000000eeb00000)
 ParOldGen       total 131072K, used 16K [0x00000000c0000000, 0x00000000c8000000, 0x00000000eab00000)
  object space 131072K, 0% used [0x00000000c0000000,0x00000000c0004000,0x00000000c8000000)
 Metaspace       used 14245K, capacity 14560K, committed 14720K, reserved 1062912K
  class space    used 2036K, capacity 2146K, committed 2176K, reserved 1048576K
Event: 2.671 GC heap after
Heap after GC invocations=2 (full 0):
 PSYoungGen      total 57344K, used 8175K [0x00000000eab00000, 0x00000000eeb00000, 0x0000000100000000)
  eden space 49152K, 0% used [0x00000000eab00000,0x00000000eab00000,0x00000000edb00000)
  from space 8192K, 99% used [0x00000000ee300000,0x00000000eeafbcd0,0x00000000eeb00000)
  to   space 8192K, 0% used [0x00000000edb00000,0x00000000edb00000,0x00000000ee300000)
 ParOldGen       total 131072K, used 190K [0x00000000c0000000, 0x00000000c8000000, 0x00000000eab00000)
  object space 131072K, 0% used [0x00000000c0000000,0x00000000c002fb68,0x00000000c8000000)
 Metaspace       used 14245K, capacity 14560K, committed 14720K, reserved 1062912K
  class space    used 2036K, capacity 2146K, committed 2176K, reserved 1048576K
}

Deoptimization events (10 events):
Event: 1.803 Thread 0x0000000002aee800 Uncommon trap: reason=unstable_if action=reinterpret pc=0x0000000002e9fb74 method=java.io.WinNTFileSystem.normalize(Ljava/lang/String;)Ljava/lang/String; @ 128
Event: 1.803 Thread 0x0000000002aee800 Uncommon trap: reason=unstable_if action=reinterpret pc=0x0000000002f0811c method=java.io.WinNTFileSystem.normalize(Ljava/lang/String;II)Ljava/lang/String; @ 90
Event: 2.223 Thread 0x00000000173b6000 Uncommon trap: reason=unstable_if action=reinterpret pc=0x0000000002f95c14 method=java.util.concurrent.ConcurrentHashMap.putVal(Ljava/lang/Object;Ljava/lang/Object;Z)Ljava/lang/Object; @ 206
Event: 2.306 Thread 0x0000000018391800 Uncommon trap: reason=bimorphic action=maybe_recompile pc=0x0000000002f254e0 method=java.util.HashMap.putVal(ILjava/lang/Object;Ljava/lang/Object;ZZ)Ljava/lang/Object; @ 253
Event: 2.306 Thread 0x0000000018391800 Uncommon trap: reason=bimorphic action=maybe_recompile pc=0x0000000002f254e0 method=java.util.HashMap.putVal(ILjava/lang/Object;Ljava/lang/Object;ZZ)Ljava/lang/Object; @ 253
Event: 2.306 Thread 0x0000000018391800 Uncommon trap: reason=bimorphic action=maybe_recompile pc=0x0000000002f2cbf8 method=java.util.HashMap.putVal(ILjava/lang/Object;Ljava/lang/Object;ZZ)Ljava/lang/Object; @ 253
Event: 2.320 Thread 0x0000000018391800 Uncommon trap: reason=class_check action=maybe_recompile pc=0x0000000002e5d0dc method=java.util.regex.Matcher.match(II)Z @ 86
Event: 2.612 Thread 0x0000000018391800 Uncommon trap: reason=class_check action=maybe_recompile pc=0x0000000002e5d0dc method=java.util.regex.Matcher.match(II)Z @ 86
Event: 2.721 Thread 0x0000000018391800 Uncommon trap: reason=unstable_if action=reinterpret pc=0x000000000304acf4 method=java.lang.String.lastIndexOf([CII[CIII)I @ 66
Event: 2.896 Thread 0x0000000018391800 Uncommon trap: reason=unstable_if action=reinterpret pc=0x000000000306e24c method=java.util.jar.JarFile.maybeInstantiateVerifier()V @ 21

Classes redefined (0 events):
No events

Internal exceptions (10 events):
Event: 2.228 Thread 0x00000000173b6000 Exception <a 'java/lang/NoSuchMethodError': <clinit>> (0x00000000ebe27190) thrown at [C:\re\workspace\8-2-build-windows-amd64-cygwin\jdk8u191\11896\hotspot\src\share\vm\prims\jni.cpp, line 1613]
Event: 2.232 Thread 0x00000000173b6000 Exception <a 'java/lang/NoSuchMethodError': <clinit>> (0x00000000ebe48cc8) thrown at [C:\re\workspace\8-2-build-windows-amd64-cygwin\jdk8u191\11896\hotspot\src\share\vm\prims\jni.cpp, line 1613]
Event: 2.239 Thread 0x00000000173b6000 Exception <a 'java/lang/NoSuchMethodError': <clinit>> (0x00000000ebea0778) thrown at [C:\re\workspace\8-2-build-windows-amd64-cygwin\jdk8u191\11896\hotspot\src\share\vm\prims\jni.cpp, line 1613]
Event: 2.244 Thread 0x00000000173b6000 Exception <a 'java/lang/NoSuchMethodError': <clinit>> (0x00000000ebecfc58) thrown at [C:\re\workspace\8-2-build-windows-amd64-cygwin\jdk8u191\11896\hotspot\src\share\vm\prims\jni.cpp, line 1613]
Event: 2.248 Thread 0x00000000173b6000 Exception <a 'java/lang/NoSuchMethodError': <clinit>> (0x00000000ebf038d8) thrown at [C:\re\workspace\8-2-build-windows-amd64-cygwin\jdk8u191\11896\hotspot\src\share\vm\prims\jni.cpp, line 1613]
Event: 2.250 Thread 0x00000000173b6000 Exception <a 'java/lang/NoSuchMethodError': <clinit>> (0x00000000ebf115d8) thrown at [C:\re\workspace\8-2-build-windows-amd64-cygwin\jdk8u191\11896\hotspot\src\share\vm\prims\jni.cpp, line 1613]
Event: 2.254 Thread 0x00000000173b6000 Exception <a 'java/lang/NoSuchMethodError': <clinit>> (0x00000000ebf386a0) thrown at [C:\re\workspace\8-2-build-windows-amd64-cygwin\jdk8u191\11896\hotspot\src\share\vm\prims\jni.cpp, line 1613]
Event: 2.287 Thread 0x0000000018391800 Exception <a 'java/lang/NoSuchMethodError': <clinit>> (0x00000000ebfdc940) thrown at [C:\re\workspace\8-2-build-windows-amd64-cygwin\jdk8u191\11896\hotspot\src\share\vm\prims\jni.cpp, line 1613]
Event: 2.288 Thread 0x0000000018391800 Exception <a 'java/lang/NoSuchMethodError': <clinit>> (0x00000000ebfe4c30) thrown at [C:\re\workspace\8-2-build-windows-amd64-cygwin\jdk8u191\11896\hotspot\src\share\vm\prims\jni.cpp, line 1613]
Event: 2.896 Thread 0x0000000018391800 Implicit null exception at 0x000000000306de7b to 0x000000000306e23d

Events (10 events):
Event: 3.058 loading class org/gradle/internal/resource/transport/http/HttpProxySettings
Event: 3.058 loading class org/gradle/internal/resource/transport/http/HttpProxySettings done
Event: 3.058 loading class org/gradle/internal/resource/transport/http/HttpTimeoutSettings
Event: 3.058 loading class org/gradle/internal/resource/transport/http/HttpTimeoutSettings done
Event: 3.058 loading class org/gradle/internal/resource/transport/http/DefaultHttpSettings$1
Event: 3.059 loading class org/gradle/internal/resource/transport/http/DefaultHttpSettings$1 done
Event: 3.059 loading class org/gradle/internal/resource/transport/http/DefaultHttpSettings$2
Event: 3.059 loading class org/gradle/internal/resource/transport/http/DefaultHttpSettings$2 done
Event: 3.059 loading class org/gradle/internal/resource/transport/http/DefaultHttpSettings$2$1
Event: 3.059 loading class org/gradle/internal/resource/transport/http/DefaultHttpSettings$2$1 done


Dynamic libraries:
0x00007ff7ec490000 - 0x00007ff7ec4c7000 	C:\Program Files\Java\jdk1.8.0_191\bin\java.exe
0x00007ffb352e0000 - 0x00007ffb354cd000 	C:\Windows\SYSTEM32\ntdll.dll
0x00007ffb34b50000 - 0x00007ffb34c03000 	C:\Windows\System32\KERNEL32.DLL
0x00007ffb313b0000 - 0x00007ffb31643000 	C:\Windows\System32\KERNELBASE.dll
0x00007ffb348d0000 - 0x00007ffb34973000 	C:\Windows\System32\ADVAPI32.dll
0x00007ffb34700000 - 0x00007ffb3479e000 	C:\Windows\System32\msvcrt.dll
0x00007ffb34570000 - 0x00007ffb3460e000 	C:\Windows\System32\sechost.dll
0x00007ffb347a0000 - 0x00007ffb348c2000 	C:\Windows\System32\RPCRT4.dll
0x00007ffb33a10000 - 0x00007ffb33ba7000 	C:\Windows\System32\USER32.dll
0x00007ffb31750000 - 0x00007ffb31770000 	C:\Windows\System32\win32u.dll
0x00007ffb34eb0000 - 0x00007ffb34ed9000 	C:\Windows\System32\GDI32.dll
0x00007ffb320e0000 - 0x00007ffb3227a000 	C:\Windows\System32\gdi32full.dll
0x00007ffb31770000 - 0x00007ffb31810000 	C:\Windows\System32\msvcp_win.dll
0x00007ffb31650000 - 0x00007ffb3174c000 	C:\Windows\System32\ucrtbase.dll
0x00007ffb277c0000 - 0x00007ffb27a39000 	C:\Windows\WinSxS\amd64_microsoft.windows.common-controls_6595b64144ccf1df_6.0.17763.195_none_05b436ac07203599\COMCTL32.dll
0x00007ffb34ee0000 - 0x00007ffb3520d000 	C:\Windows\System32\combase.dll
0x00007ffb32060000 - 0x00007ffb320de000 	C:\Windows\System32\bcryptPrimitives.dll
0x00007ffb34090000 - 0x00007ffb340be000 	C:\Windows\System32\IMM32.DLL
0x0000000051850000 - 0x0000000051922000 	C:\Program Files\Java\jdk1.8.0_191\jre\bin\msvcr100.dll
0x0000000050fa0000 - 0x0000000051844000 	C:\Program Files\Java\jdk1.8.0_191\jre\bin\server\jvm.dll
0x00007ffb33a00000 - 0x00007ffb33a08000 	C:\Windows\System32\PSAPI.DLL
0x00007ffb30dd0000 - 0x00007ffb30dd9000 	C:\Windows\SYSTEM32\WSOCK32.dll
0x00007ffb2e960000 - 0x00007ffb2e984000 	C:\Windows\SYSTEM32\WINMM.dll
0x00007ffb34690000 - 0x00007ffb346fd000 	C:\Windows\System32\WS2_32.dll
0x00007ffb2ed10000 - 0x00007ffb2ed1a000 	C:\Windows\SYSTEM32\VERSION.dll
0x00007ffb2e930000 - 0x00007ffb2e95d000 	C:\Windows\SYSTEM32\WINMMBASE.dll
0x00007ffb32010000 - 0x00007ffb3205a000 	C:\Windows\System32\cfgmgr32.dll
0x0000000050f90000 - 0x0000000050f9f000 	C:\Program Files\Java\jdk1.8.0_191\jre\bin\verify.dll
0x0000000050f60000 - 0x0000000050f89000 	C:\Program Files\Java\jdk1.8.0_191\jre\bin\java.dll
0x0000000050f40000 - 0x0000000050f56000 	C:\Program Files\Java\jdk1.8.0_191\jre\bin\zip.dll
0x00007ffb32510000 - 0x00007ffb339ff000 	C:\Windows\System32\SHELL32.dll
0x00007ffb34cd0000 - 0x00007ffb34d78000 	C:\Windows\System32\shcore.dll
0x00007ffb31810000 - 0x00007ffb31f5a000 	C:\Windows\System32\windows.storage.dll
0x00007ffb312e0000 - 0x00007ffb31304000 	C:\Windows\System32\profapi.dll
0x00007ffb31310000 - 0x00007ffb3136d000 	C:\Windows\System32\powrprof.dll
0x00007ffb34030000 - 0x00007ffb34082000 	C:\Windows\System32\shlwapi.dll
0x00007ffb31390000 - 0x00007ffb313a1000 	C:\Windows\System32\kernel.appcore.dll
0x00007ffb31ff0000 - 0x00007ffb32007000 	C:\Windows\System32\cryptsp.dll
0x0000000050f20000 - 0x0000000050f3a000 	C:\Program Files\Java\jdk1.8.0_191\jre\bin\net.dll
0x00007ffb30730000 - 0x00007ffb30797000 	C:\Windows\system32\mswsock.dll
0x0000000050f00000 - 0x0000000050f11000 	C:\Program Files\Java\jdk1.8.0_191\jre\bin\nio.dll
0x00007ffb30d90000 - 0x00007ffb30dae000 	C:\Users\HienVu\.gradle\native\25\windows-amd64\native-platform.dll
0x0000000050ef0000 - 0x0000000050efd000 	C:\Program Files\Java\jdk1.8.0_191\jre\bin\management.dll
0x00007ffb302f0000 - 0x00007ffb30323000 	C:\Windows\system32\rsaenh.dll
0x00007ffb31fc0000 - 0x00007ffb31fe6000 	C:\Windows\System32\bcrypt.dll
0x00007ffb31210000 - 0x00007ffb31238000 	C:\Windows\SYSTEM32\USERENV.dll
0x00007ffb30900000 - 0x00007ffb3090c000 	C:\Windows\SYSTEM32\CRYPTBASE.dll
0x00007ffb30490000 - 0x00007ffb304cd000 	C:\Windows\SYSTEM32\IPHLPAPI.DLL
0x00007ffb34240000 - 0x00007ffb34248000 	C:\Windows\System32\NSI.dll
0x00007ffb2a300000 - 0x00007ffb2a316000 	C:\Windows\SYSTEM32\dhcpcsvc6.DLL
0x00007ffb2a2e0000 - 0x00007ffb2a2fc000 	C:\Windows\SYSTEM32\dhcpcsvc.DLL
0x00007ffb304d0000 - 0x00007ffb30596000 	C:\Windows\SYSTEM32\DNSAPI.dll
0x00007ffb30e20000 - 0x00007ffb3100d000 	C:\Windows\SYSTEM32\dbghelp.dll

VM Arguments:
jvm_args: -XX:+HeapDumpOnOutOfMemoryError -Xmx1024m -Dfile.encoding=windows-1252 -Duser.country=US -Duser.language=en -Duser.variant 
java_command: org.gradle.launcher.daemon.bootstrap.GradleDaemon 4.4
java_class_path (initial): C:\Users\HienVu\.gradle\wrapper\dists\gradle-4.4-all\9br9xq1tocpiv8o6njlyu5op1\gradle-4.4\lib\gradle-launcher-4.4.jar
Launcher Type: SUN_STANDARD

Environment Variables:
JAVA_HOME=C:\Program Files\Java\jdk1.8.0_191
CLASSPATH=C:\Users\HienVu\Desktop\work-space\react-native\toturials01\android\\gradle\wrapper\gradle-wrapper.jar
PATH=C:\Python27\;C:\Python27\Scripts;C:\Windows\system32;C:\Windows;C:\Windows\System32\Wbem;C:\Windows\System32\WindowsPowerShell\v1.0\;C:\Windows\System32\OpenSSH\;C:\Users\HienVu\AppData\Local\Android\Sdk\platform-tools;C:\Program Files\Git\cmd;C:\ProgramData\chocolatey\bin;C:\Program Files\nodejs\;C:\Program Files\Java\jdk1.8.0_191\bin;C:\Users\HienVu\AppData\Local\Microsoft\WindowsApps;C:\Users\HienVu\AppData\Local\Programs\Microsoft VS Code\bin;C:\Users\HienVu\AppData\Roaming\npm;C:\Users\HienVu\AppData\Local\atom\bin
USERNAME=HienVu
OS=Windows_NT
PROCESSOR_IDENTIFIER=Intel64 Family 6 Model 42 Stepping 7, GenuineIntel



---------------  S Y S T E M  ---------------

OS: Windows 10.0 , 64 bit Build 17763 (10.0.17763.1)

CPU:total 4 (initial active 4) (4 cores per cpu, 1 threads per core) family 6 model 42 stepping 7, cmov, cx8, fxsr, mmx, sse, sse2, sse3, ssse3, sse4.1, sse4.2, popcnt, avx, aes, clmul, tsc, tscinvbit

Memory: 4k page, physical 12464688k(5876564k free), swap 14955056k(7469204k free)

vm_info: Java HotSpot(TM) 64-Bit Server VM (25.191-b12) for windows-amd64 JRE (1.8.0_191-b12), built on Oct  6 2018 09:29:03 by "java_re" with MS VC++ 10.0 (VS2010)

time: Tue Dec 25 13:30:30 2018
elapsed time: 3 seconds (0d 0h 0m 3s)

