#
# A fatal error has been detected by the Java Runtime Environment:
#
#  EXCEPTION_ACCESS_VIOLATION (0xc0000005) at pc=0x000000005133a6b0, pid=5488, tid=0x0000000000001930
#
# JRE version: Java(TM) SE Runtime Environment (8.0_191-b12) (build 1.8.0_191-b12)
# Java VM: Java HotSpot(TM) 64-Bit Server VM (25.191-b12 mixed mode windows-amd64 compressed oops)
# Problematic frame:
# V  [jvm.dll+0x10a6b0]
#
# Failed to write core dump. Minidumps are not enabled by default on client versions of Windows
#
# If you would like to submit a bug report, please visit:
#   http://bugreport.java.com/bugreport/crash.jsp
#

---------------  T H R E A D  ---------------

Current thread (0x00000000199da000):  JavaThread "C1 CompilerThread2" daemon [_thread_in_vm, id=6448, stack(0x000000001b220000,0x000000001b320000)]

siginfo: ExceptionCode=0xc0000005, reading address 0x0000000000000001

Registers:
RAX=0x0000000000000001, RBX=0x0000000002ac6d10, RCX=0x00000007c002d518, RDX=0x0000000002ac6d10
RSP=0x000000001b31ece0, RBP=0x000000001b31ef08, RSI=0x0000000000000160, RDI=0x00000007c002d518
R8 =0x00000007c002d518, R9 =0x00000000199d0260, R10=0x000000001918c010, R11=0x0000000000000002
R12=0x0000000000000014, R13=0x00000000000011d0, R14=0x00000000199da6a0, R15=0x000000001b5f26e0
RIP=0x000000005133a6b0, EFLAGS=0x0000000000010202

Top of Stack: (sp=0x000000001b31ece0)
0x000000001b31ece0:   000000001b5f26e0 00000000199da6a0
0x000000001b31ecf0:   00000000000011d0 0000000000000014
0x000000001b31ed00:   0000000002ac6d10 00000000512ce73d
0x000000001b31ed10:   0000000000eacd50 0000000000000160
0x000000001b31ed20:   0000000002ac6d10 000000001b31eec9
0x000000001b31ed30:   00000000ffffffff 000000001b31f208
0x000000001b31ed40:   0000000000000070 00000000199da6a0
0x000000001b31ed50:   000000001b5f26e0 000000001b31f228
0x000000001b31ed60:   0000000000000012 000000001b5f2690
0x000000001b31ed70:   000000001b31f1d0 000000001b31f1e8
0x000000001b31ed80:   000000000294cc90 0000000000000003
0x000000001b31ed90:   00000070000000d1 00000003ffffffff
0x000000001b31eda0:   0000000000000012 000000001b31f228
0x000000001b31edb0:   000000000294cc90 000000001b31f1e8
0x000000001b31edc0:   000000001b5f2690 000000001b31f1d0
0x000000001b31edd0:   0000000000000008 00000000199da000 

Instructions: (pc=0x000000005133a6b0)
0x000000005133a690:   48 89 5c 24 08 57 48 83 ec 20 48 8b 81 48 01 00
0x000000005133a6a0:   00 48 8b da 48 8b f9 48 85 c0 74 12 0f 1f 40 00
0x000000005133a6b0:   48 3b 10 74 3f 48 8b 40 10 48 85 c0 75 f2 b9 18
0x000000005133a6c0:   00 00 00 e8 18 77 ef ff 48 85 c0 74 35 48 8b 8f 


Register to memory mapping:

RAX=0x0000000000000001 is an unknown value
RBX=0x0000000002ac6d10 is at entry_point+-496 in (nmethod*)0x0000000002ac6d10
RCX=0x00000007c002d518 is pointing into metadata
RDX=0x0000000002ac6d10 is at entry_point+-496 in (nmethod*)0x0000000002ac6d10
RSP=0x000000001b31ece0 is pointing into the stack for thread: 0x00000000199da000
RBP=0x000000001b31ef08 is pointing into the stack for thread: 0x00000000199da000
RSI=0x0000000000000160 is an unknown value
RDI=0x00000007c002d518 is pointing into metadata
R8 =0x00000007c002d518 is pointing into metadata
R9 =0x00000000199d0260 is an unknown value
R10={method} {0x000000001918c018} 'prefixLength' '(Ljava/lang/String;)I' in 'java/io/WinNTFileSystem'
R11=0x0000000000000002 is an unknown value
R12=0x0000000000000014 is an unknown value
R13=0x00000000000011d0 is an unknown value
R14=0x00000000199da6a0 is an unknown value
R15=0x000000001b5f26e0 is an unknown value


Stack: [0x000000001b220000,0x000000001b320000],  sp=0x000000001b31ece0,  free space=1019k
Native frames: (J=compiled Java code, j=interpreted, Vv=VM code, C=native code)
V  [jvm.dll+0x10a6b0]
V  [jvm.dll+0x9e73d]
V  [jvm.dll+0x30c2e]
V  [jvm.dll+0x410589]
V  [jvm.dll+0x411544]
V  [jvm.dll+0x4116f1]
V  [jvm.dll+0x4118ff]
V  [jvm.dll+0xa6c82]
V  [jvm.dll+0xa75cf]
V  [jvm.dll+0x2461df]
V  [jvm.dll+0x29eb9a]
C  [msvcr100.dll+0x21d9f]
C  [msvcr100.dll+0x21e3b]
C  [KERNEL32.DLL+0x17e94]
C  [ntdll.dll+0x6a251]


Current CompileTask:
C1:    386  209       3       java.io.WinNTFileSystem::prefixLength (91 bytes)


---------------  P R O C E S S  ---------------

Java Threads: ( => current thread )
  0x000000001b348800 JavaThread "Service Thread" daemon [_thread_blocked, id=8876, stack(0x000000001b720000,0x000000001b820000)]
=>0x00000000199da000 JavaThread "C1 CompilerThread2" daemon [_thread_in_vm, id=6448, stack(0x000000001b220000,0x000000001b320000)]
  0x00000000199d4000 JavaThread "C2 CompilerThread1" daemon [_thread_in_vm, id=6888, stack(0x000000001b120000,0x000000001b220000)]
  0x00000000199d0800 JavaThread "C2 CompilerThread0" daemon [_thread_blocked, id=10200, stack(0x000000001b020000,0x000000001b120000)]
  0x00000000199cf000 JavaThread "Attach Listener" daemon [_thread_blocked, id=9316, stack(0x000000001af20000,0x000000001b020000)]
  0x00000000199cc000 JavaThread "Signal Dispatcher" daemon [_thread_blocked, id=5576, stack(0x000000001ae20000,0x000000001af20000)]
  0x000000000294b000 JavaThread "Finalizer" daemon [_thread_blocked, id=2384, stack(0x000000001ac20000,0x000000001ad20000)]
  0x00000000199ba800 JavaThread "Reference Handler" daemon [_thread_blocked, id=4476, stack(0x000000001ab20000,0x000000001ac20000)]
  0x0000000000eae800 JavaThread "main" [_thread_blocked, id=1672, stack(0x0000000002750000,0x0000000002850000)]

Other Threads:
  0x0000000019998800 VMThread [stack: 0x000000001aa20000,0x000000001ab20000] [id=9680]
  0x000000001b369000 WatcherThread [stack: 0x000000001b820000,0x000000001b920000] [id=6152]

VM state:not at safepoint (normal execution)

VM Mutex/Monitor currently owned by a thread:  ([mutex/lock_event])
[0x0000000000eacd50] CodeCache_lock - owner thread: 0x00000000199da000
[0x00000000028505d0] Compile_lock - owner thread: 0x00000000199da000
[0x0000000002850bd0] MethodCompileQueue_lock - owner thread: 0x00000000199da000

Heap:
 PSYoungGen      total 57344K, used 5899K [0x0000000780980000, 0x0000000784980000, 0x00000007c0000000)
  eden space 49152K, 12% used [0x0000000780980000,0x0000000780f42fb8,0x0000000783980000)
  from space 8192K, 0% used [0x0000000784180000,0x0000000784180000,0x0000000784980000)
  to   space 8192K, 0% used [0x0000000783980000,0x0000000783980000,0x0000000784180000)
 ParOldGen       total 131072K, used 0K [0x0000000701c00000, 0x0000000709c00000, 0x0000000780980000)
  object space 131072K, 0% used [0x0000000701c00000,0x0000000701c00000,0x0000000709c00000)
 Metaspace       used 4161K, capacity 4920K, committed 5248K, reserved 1056768K
  class space    used 479K, capacity 536K, committed 640K, reserved 1048576K

Card table byte_map: [0x0000000011d10000,0x0000000012310000] byte_map_base: 0x000000000e502000

Marking Bits: (ParMarkBitMap*) 0x0000000051a53e30
 Begin Bits: [0x0000000012b10000, 0x0000000015aa0000)
 End Bits:   [0x0000000015aa0000, 0x0000000018a30000)

Polling page: 0x0000000000e80000

CodeCache: size=245760Kb used=1504Kb max_used=1510Kb free=244255Kb
 bounds [0x0000000002950000, 0x0000000002bc0000, 0x0000000011950000]
 total_blobs=475 nmethods=207 adapters=181
 compilation: enabled

Compilation events (10 events):
Event: 0.331 Thread 0x00000000199da000 nmethod 204 0x0000000002ac4390 code [0x0000000002ac4520, 0x0000000002ac4b78]
Event: 0.331 Thread 0x00000000199da000  205  s    3       sun.misc.PerfCounter::get (9 bytes)
Event: 0.332 Thread 0x00000000199da000 nmethod 205 0x0000000002ac4dd0 code [0x0000000002ac4f40, 0x0000000002ac52c8]
Event: 0.336 Thread 0x00000000199d0800 nmethod 195% 0x0000000002ac8b10 code [0x0000000002ac8ca0, 0x0000000002ac97d8]
Event: 0.343 Thread 0x00000000199d4000  206       4       java.lang.String::toLowerCase (439 bytes)
Event: 0.346 Thread 0x00000000199da000  207       3       java.util.regex.Matcher::<init> (84 bytes)
Event: 0.346 Thread 0x00000000199da000 nmethod 207 0x0000000002ac8350 code [0x0000000002ac84e0, 0x0000000002ac89a8]
Event: 0.347 Thread 0x00000000199da000  208       3       java.util.AbstractSet::<init> (5 bytes)
Event: 0.347 Thread 0x00000000199da000 nmethod 208 0x0000000002ac7f10 code [0x0000000002ac8080, 0x0000000002ac8290]
Event: 0.350 Thread 0x00000000199da000  209       3       java.io.WinNTFileSystem::prefixLength (91 bytes)

GC Heap History (0 events):
No events

Deoptimization events (0 events):
No events

Classes redefined (0 events):
No events

Internal exceptions (6 events):
Event: 0.063 Thread 0x0000000000eae800 Exception <a 'java/lang/NoSuchMethodError': Method sun.misc.Unsafe.defineClass(Ljava/lang/String;[BII)Ljava/lang/Class; name or signature does not match> (0x0000000780987cb0) thrown at [C:\re\workspace\8-2-build-windows-amd64-cygwin\jdk8u191\11896\hotspot
Event: 0.063 Thread 0x0000000000eae800 Exception <a 'java/lang/NoSuchMethodError': Method sun.misc.Unsafe.prefetchRead(Ljava/lang/Object;J)V name or signature does not match> (0x0000000780987f98) thrown at [C:\re\workspace\8-2-build-windows-amd64-cygwin\jdk8u191\11896\hotspot\src\share\vm\prim
Event: 0.179 Thread 0x0000000000eae800 Exception <a 'java/security/PrivilegedActionException'> (0x0000000780b7ebf8) thrown at [C:\re\workspace\8-2-build-windows-amd64-cygwin\jdk8u191\11896\hotspot\src\share\vm\prims\jvm.cpp, line 1435]
Event: 0.179 Thread 0x0000000000eae800 Exception <a 'java/security/PrivilegedActionException'> (0x0000000780b7ee08) thrown at [C:\re\workspace\8-2-build-windows-amd64-cygwin\jdk8u191\11896\hotspot\src\share\vm\prims\jvm.cpp, line 1435]
Event: 0.180 Thread 0x0000000000eae800 Exception <a 'java/security/PrivilegedActionException'> (0x0000000780b82d18) thrown at [C:\re\workspace\8-2-build-windows-amd64-cygwin\jdk8u191\11896\hotspot\src\share\vm\prims\jvm.cpp, line 1435]
Event: 0.180 Thread 0x0000000000eae800 Exception <a 'java/security/PrivilegedActionException'> (0x0000000780b82f28) thrown at [C:\re\workspace\8-2-build-windows-amd64-cygwin\jdk8u191\11896\hotspot\src\share\vm\prims\jvm.cpp, line 1435]

Events (10 events):
Event: 0.285 loading class org/gradle/api/Transformer
Event: 0.285 loading class org/gradle/api/Transformer done
Event: 0.291 loading class org/gradle/api/specs/Spec
Event: 0.291 loading class org/gradle/api/specs/Spec done
Event: 0.292 loading class java/util/regex/Pattern$CharProperty$1
Event: 0.292 loading class java/util/regex/Pattern$CharProperty$1 done
Event: 0.292 loading class java/util/regex/Pattern$1
Event: 0.292 loading class java/util/regex/Pattern$1 done
Event: 0.343 Thread 0x0000000000eae800 DEOPT PACKING pc=0x0000000002a76eb8 sp=0x000000000284e050
Event: 0.343 Thread 0x0000000000eae800 DEOPT UNPACKING pc=0x0000000002997890 sp=0x000000000284dda8 mode 0


Dynamic libraries:
0x00007ff7ec490000 - 0x00007ff7ec4c7000 	C:\Program Files\Java\jdk1.8.0_191\bin\java.exe
0x00007ffb352e0000 - 0x00007ffb354cd000 	C:\Windows\SYSTEM32\ntdll.dll
0x00007ffb34b50000 - 0x00007ffb34c03000 	C:\Windows\System32\KERNEL32.DLL
0x00007ffb313b0000 - 0x00007ffb31643000 	C:\Windows\System32\KERNELBASE.dll
0x00007ffb348d0000 - 0x00007ffb34973000 	C:\Windows\System32\ADVAPI32.dll
0x00007ffb34700000 - 0x00007ffb3479e000 	C:\Windows\System32\msvcrt.dll
0x00007ffb34570000 - 0x00007ffb3460e000 	C:\Windows\System32\sechost.dll
0x00007ffb347a0000 - 0x00007ffb348c2000 	C:\Windows\System32\RPCRT4.dll
0x00007ffb33a10000 - 0x00007ffb33ba7000 	C:\Windows\System32\USER32.dll
0x00007ffb31750000 - 0x00007ffb31770000 	C:\Windows\System32\win32u.dll
0x00007ffb34eb0000 - 0x00007ffb34ed9000 	C:\Windows\System32\GDI32.dll
0x00007ffb320e0000 - 0x00007ffb3227a000 	C:\Windows\System32\gdi32full.dll
0x00007ffb31770000 - 0x00007ffb31810000 	C:\Windows\System32\msvcp_win.dll
0x00007ffb31650000 - 0x00007ffb3174c000 	C:\Windows\System32\ucrtbase.dll
0x00007ffb277c0000 - 0x00007ffb27a39000 	C:\Windows\WinSxS\amd64_microsoft.windows.common-controls_6595b64144ccf1df_6.0.17763.195_none_05b436ac07203599\COMCTL32.dll
0x00007ffb34ee0000 - 0x00007ffb3520d000 	C:\Windows\System32\combase.dll
0x00007ffb32060000 - 0x00007ffb320de000 	C:\Windows\System32\bcryptPrimitives.dll
0x00007ffb34090000 - 0x00007ffb340be000 	C:\Windows\System32\IMM32.DLL
0x0000000051ae0000 - 0x0000000051bb2000 	C:\Program Files\Java\jdk1.8.0_191\jre\bin\msvcr100.dll
0x0000000051230000 - 0x0000000051ad4000 	C:\Program Files\Java\jdk1.8.0_191\jre\bin\server\jvm.dll
0x00007ffb33a00000 - 0x00007ffb33a08000 	C:\Windows\System32\PSAPI.DLL
0x00007ffb29250000 - 0x00007ffb29259000 	C:\Windows\SYSTEM32\WSOCK32.dll
0x00007ffb2e960000 - 0x00007ffb2e984000 	C:\Windows\SYSTEM32\WINMM.dll
0x00007ffb2ed10000 - 0x00007ffb2ed1a000 	C:\Windows\SYSTEM32\VERSION.dll
0x00007ffb34690000 - 0x00007ffb346fd000 	C:\Windows\System32\WS2_32.dll
0x00007ffb2e930000 - 0x00007ffb2e95d000 	C:\Windows\SYSTEM32\WINMMBASE.dll
0x00007ffb32010000 - 0x00007ffb3205a000 	C:\Windows\System32\cfgmgr32.dll
0x0000000051220000 - 0x000000005122f000 	C:\Program Files\Java\jdk1.8.0_191\jre\bin\verify.dll
0x00000000511f0000 - 0x0000000051219000 	C:\Program Files\Java\jdk1.8.0_191\jre\bin\java.dll
0x00000000511d0000 - 0x00000000511e6000 	C:\Program Files\Java\jdk1.8.0_191\jre\bin\zip.dll
0x00007ffb32510000 - 0x00007ffb339ff000 	C:\Windows\System32\SHELL32.dll
0x00007ffb34cd0000 - 0x00007ffb34d78000 	C:\Windows\System32\shcore.dll
0x00007ffb31810000 - 0x00007ffb31f5a000 	C:\Windows\System32\windows.storage.dll
0x00007ffb312e0000 - 0x00007ffb31304000 	C:\Windows\System32\profapi.dll
0x00007ffb31310000 - 0x00007ffb3136d000 	C:\Windows\System32\powrprof.dll
0x00007ffb34030000 - 0x00007ffb34082000 	C:\Windows\System32\shlwapi.dll
0x00007ffb31390000 - 0x00007ffb313a1000 	C:\Windows\System32\kernel.appcore.dll
0x00007ffb31ff0000 - 0x00007ffb32007000 	C:\Windows\System32\cryptsp.dll
0x00000000511b0000 - 0x00000000511ca000 	C:\Program Files\Java\jdk1.8.0_191\jre\bin\net.dll
0x00007ffb30730000 - 0x00007ffb30797000 	C:\Windows\system32\mswsock.dll
0x0000000051190000 - 0x00000000511a1000 	C:\Program Files\Java\jdk1.8.0_191\jre\bin\nio.dll
0x00007ffb30e20000 - 0x00007ffb3100d000 	C:\Windows\SYSTEM32\dbghelp.dll

VM Arguments:
jvm_args: -Dorg.gradle.appname=gradlew 
java_command: org.gradle.wrapper.GradleWrapperMain installDebug
java_class_path (initial): C:\Users\HienVu\Desktop\work-space\react-native\toturials01\android\\gradle\wrapper\gradle-wrapper.jar
Launcher Type: SUN_STANDARD

Environment Variables:
JAVA_HOME=C:\Program Files\Java\jdk1.8.0_191
CLASSPATH=C:\Users\HienVu\Desktop\work-space\react-native\toturials01\android\\gradle\wrapper\gradle-wrapper.jar
PATH=C:\Python27\;C:\Python27\Scripts;C:\Windows\system32;C:\Windows;C:\Windows\System32\Wbem;C:\Windows\System32\WindowsPowerShell\v1.0\;C:\Windows\System32\OpenSSH\;C:\Users\HienVu\AppData\Local\Android\Sdk\platform-tools;C:\Program Files\Git\cmd;C:\ProgramData\chocolatey\bin;C:\Program Files\nodejs\;C:\Program Files\Java\jdk1.8.0_191\bin;C:\Users\HienVu\AppData\Local\Microsoft\WindowsApps;C:\Users\HienVu\AppData\Local\Programs\Microsoft VS Code\bin;C:\Users\HienVu\AppData\Roaming\npm;C:\Users\HienVu\AppData\Local\atom\bin
USERNAME=HienVu
OS=Windows_NT
PROCESSOR_IDENTIFIER=Intel64 Family 6 Model 42 Stepping 7, GenuineIntel



---------------  S Y S T E M  ---------------

OS: Windows 10.0 , 64 bit Build 17763 (10.0.17763.1)

CPU:total 4 (initial active 4) (4 cores per cpu, 1 threads per core) family 6 model 42 stepping 7, cmov, cx8, fxsr, mmx, sse, sse2, sse3, ssse3, sse4.1, sse4.2, popcnt, avx, aes, clmul, tsc, tscinvbit

Memory: 4k page, physical 12464688k(7849896k free), swap 14955056k(9871648k free)

vm_info: Java HotSpot(TM) 64-Bit Server VM (25.191-b12) for windows-amd64 JRE (1.8.0_191-b12), built on Oct  6 2018 09:29:03 by "java_re" with MS VC++ 10.0 (VS2010)

time: Tue Dec 25 13:33:53 2018
elapsed time: 0 seconds (0d 0h 0m 0s)

